#
# There is insufficient memory for the Java Runtime Environment to continue.
# Native memory allocation (malloc) failed to allocate 972656 bytes for Chunk::new
# Possible reasons:
#   The system is out of physical RAM or swap space
#   The process is running with CompressedOops enabled, and the Java Heap may be blocking the growth of the native heap
# Possible solutions:
#   Reduce memory load on the system
#   Increase physical memory or swap space
#   Check if swap backing store is full
#   Decrease Java heap size (-Xmx/-Xms)
#   Decrease number of Java threads
#   Decrease Java thread stack sizes (-Xss)
#   Set larger code cache with -XX:ReservedCodeCacheSize=
#   JVM is running with Unscaled Compressed Oops mode in which the Java heap is
#     placed in the first 4GB address space. The Java Heap base address is the
#     maximum limit for the native heap growth. Please use -XX:HeapBaseMinAddress
#     to set the Java Heap base and to place the Java Heap above 4GB virtual address.
# This output file may be truncated or incomplete.
#
#  Out of Memory Error (./src/hotspot/share/memory/arena.cpp:197), pid=14388, tid=3376
#
# JRE version: OpenJDK Runtime Environment (11.0.8+10) (build 11.0.8+10-b944.6842174)
# Java VM: OpenJDK 64-Bit Server VM (11.0.8+10-b944.6842174, mixed mode, tiered, compressed oops, g1 gc, windows-amd64)
# No core dump will be written. Minidumps are not enabled by default on client versions of Windows
#

---------------  S U M M A R Y ------------

Command Line: --add-opens=java.base/java.util=ALL-UNNAMED --add-opens=java.base/java.lang=ALL-UNNAMED --add-opens=java.base/java.lang.invoke=ALL-UNNAMED --add-opens=java.prefs/java.util.prefs=ALL-UNNAMED -Xmx2048m -Dfile.encoding=UTF-8 -Duser.country=US -Duser.language=en -Duser.variant org.gradle.launcher.daemon.bootstrap.GradleDaemon 6.7.1

Host: Intel(R) Core(TM) i5-6200U CPU @ 2.30GHz, 4 cores, 7G,  Windows 10 , 64 bit Build 19041 (10.0.19041.1889)
Time: Fri Aug 19 17:49:27 2022 India Standard Time elapsed time: 60 seconds (0d 0h 1m 0s)

---------------  T H R E A D  ---------------

Current thread (0x000001cce9cf2800):  JavaThread "C2 CompilerThread1" daemon [_thread_in_native, id=3376, stack(0x0000003f60600000,0x0000003f60700000)]


Current CompileTask:
C2:  60371 6769 %     4       org.objectweb.asm.ClassReader::readCode @ 71 (5089 bytes)

Stack: [0x0000003f60600000,0x0000003f60700000]
Native frames: (J=compiled Java code, j=interpreted, Vv=VM code, C=native code)
V  [jvm.dll+0x5de50a]
V  [jvm.dll+0x7122f5]
V  [jvm.dll+0x71384d]
V  [jvm.dll+0x713f03]
V  [jvm.dll+0x23e728]
V  [jvm.dll+0xb899c]
V  [jvm.dll+0xb8e9c]
V  [jvm.dll+0x2b20e4]
V  [jvm.dll+0x502098]
V  [jvm.dll+0x1ff393]
V  [jvm.dll+0x1f917c]
V  [jvm.dll+0x1f685f]
V  [jvm.dll+0x17f32c]
V  [jvm.dll+0x205047]
V  [jvm.dll+0x203891]
V  [jvm.dll+0x6dad3f]
V  [jvm.dll+0x6d3895]
V  [jvm.dll+0x5dd4a6]
C  [ucrtbase.dll+0x21bb2]
C  [KERNEL32.DLL+0x17034]
C  [ntdll.dll+0x52651]


---------------  P R O C E S S  ---------------

Threads class SMR info:
_java_thread_list=0x000001ccee933660, length=92, elements={
0x000001cccb87e800, 0x000001cce725f800, 0x000001cce7261000, 0x000001cce7278000,
0x000001cce7279000, 0x000001cce727a000, 0x000001cce7281000, 0x000001cce72ae000,
0x000001cce7d2e800, 0x000001cce7d47800, 0x000001cce8f39800, 0x000001cce89e8800,
0x000001cce99ec800, 0x000001cce91e4800, 0x000001cce9777800, 0x000001cce904e800,
0x000001cce904f800, 0x000001cce9c36800, 0x000001cce9ad7000, 0x000001cce9c0a800,
0x000001cce95d6800, 0x000001cce95db800, 0x000001cce95d7000, 0x000001cce95d9000,
0x000001cce95d8000, 0x000001cce95da800, 0x000001cce95d9800, 0x000001cce95d5800,
0x000001cce95dc000, 0x000001ccec25d800, 0x000001ccec258000, 0x000001ccec25b000,
0x000001ccec259000, 0x000001ccec259800, 0x000001ccec25f800, 0x000001ccec25e800,
0x000001ccec262000, 0x000001ccec260000, 0x000001ccec25c000, 0x000001ccec261000,
0x000001ccec262800, 0x000001ccec25d000, 0x000001ccec265000, 0x000001ccec264000,
0x000001ccec266000, 0x000001ccec263800, 0x000001ccec266800, 0x000001ccebebb000,
0x000001cce9cf2800, 0x000001ccebeb9800, 0x000001ccebeb7000, 0x000001ccebeb8000,
0x000001ccebeb6800, 0x000001ccebeba800, 0x000001ccebeb8800, 0x000001ccebebd800,
0x000001ccebebd000, 0x000001ccebebe800, 0x000001ccebebf000, 0x000001ccebec0000,
0x000001ccebec1000, 0x000001ccebec1800, 0x000001ccebebc000, 0x000001ccebec4000,
0x000001ccebec2800, 0x000001ccebec3800, 0x000001ccebec5000, 0x000001ccea429000,
0x000001ccea427800, 0x000001ccea42b800, 0x000001ccea42a000, 0x000001ccea42b000,
0x000001ccea42c800, 0x000001ccea427000, 0x000001ccea42d800, 0x000001ccea42e000,
0x000001ccea428800, 0x000001ccea434000, 0x000001ccea430000, 0x000001ccea432000,
0x000001ccea433000, 0x000001ccea434800, 0x000001ccea42f000, 0x000001ccea435800,
0x000001ccea430800, 0x000001ccf025b000, 0x000001ccf0256800, 0x000001ccf0259800,
0x000001ccf025c000, 0x000001ccf0257000, 0x000001ccf025d000, 0x000001ccf025d800
}

Java Threads: ( => current thread )
  0x000001cccb87e800 JavaThread "main" [_thread_blocked, id=7596, stack(0x0000003f5ca00000,0x0000003f5cb00000)]
  0x000001cce725f800 JavaThread "Reference Handler" daemon [_thread_blocked, id=14736, stack(0x0000003f5d100000,0x0000003f5d200000)]
  0x000001cce7261000 JavaThread "Finalizer" daemon [_thread_blocked, id=13040, stack(0x0000003f5d200000,0x0000003f5d300000)]
  0x000001cce7278000 JavaThread "Signal Dispatcher" daemon [_thread_blocked, id=11648, stack(0x0000003f5d300000,0x0000003f5d400000)]
  0x000001cce7279000 JavaThread "Attach Listener" daemon [_thread_blocked, id=11240, stack(0x0000003f5d400000,0x0000003f5d500000)]
  0x000001cce727a000 JavaThread "C2 CompilerThread0" daemon [_thread_in_native, id=13488, stack(0x0000003f5d500000,0x0000003f5d600000)]
  0x000001cce7281000 JavaThread "C1 CompilerThread0" daemon [_thread_blocked, id=9332, stack(0x0000003f5d600000,0x0000003f5d700000)]
  0x000001cce72ae000 JavaThread "Sweeper thread" daemon [_thread_blocked, id=9336, stack(0x0000003f5d700000,0x0000003f5d800000)]
  0x000001cce7d2e800 JavaThread "Common-Cleaner" daemon [_thread_blocked, id=6916, stack(0x0000003f5d800000,0x0000003f5d900000)]
  0x000001cce7d47800 JavaThread "Service Thread" daemon [_thread_blocked, id=6944, stack(0x0000003f5d900000,0x0000003f5da00000)]
  0x000001cce8f39800 JavaThread "Daemon health stats" [_thread_blocked, id=5108, stack(0x0000003f5de00000,0x0000003f5df00000)]
  0x000001cce89e8800 JavaThread "Incoming local TCP Connector on port 51675" [_thread_in_native, id=11340, stack(0x0000003f5e000000,0x0000003f5e100000)]
  0x000001cce99ec800 JavaThread "Daemon periodic checks" [_thread_blocked, id=8832, stack(0x0000003f5e100000,0x0000003f5e200000)]
  0x000001cce91e4800 JavaThread "Daemon" [_thread_blocked, id=1460, stack(0x0000003f5e200000,0x0000003f5e300000)]
  0x000001cce9777800 JavaThread "Handler for socket connection from /127.0.0.1:51675 to /127.0.0.1:51676" [_thread_in_native, id=1500, stack(0x0000003f5e300000,0x0000003f5e400000)]
  0x000001cce904e800 JavaThread "Cancel handler" [_thread_blocked, id=10212, stack(0x0000003f5e400000,0x0000003f5e500000)]
  0x000001cce904f800 JavaThread "Daemon worker" [_thread_in_native, id=3784, stack(0x0000003f5e500000,0x0000003f5e600000)]
  0x000001cce9c36800 JavaThread "Asynchronous log dispatcher for DefaultDaemonConnection: socket connection from /127.0.0.1:51675 to /127.0.0.1:51676" [_thread_blocked, id=13844, stack(0x0000003f5e600000,0x0000003f5e700000)]
  0x000001cce9ad7000 JavaThread "Stdin handler" [_thread_blocked, id=10504, stack(0x0000003f5e700000,0x0000003f5e800000)]
  0x000001cce9c0a800 JavaThread "Thread-8" [_thread_blocked, id=6168, stack(0x0000003f5e800000,0x0000003f5e900000)]
  0x000001cce95d6800 JavaThread "Cache worker for file hash cache (C:\Users\iyi\.gradle\caches\6.7.1\fileHashes)" [_thread_blocked, id=12284, stack(0x0000003f5ea00000,0x0000003f5eb00000)]
  0x000001cce95db800 JavaThread "File lock request listener" [_thread_in_native, id=12168, stack(0x0000003f5eb00000,0x0000003f5ec00000)]
  0x000001cce95d7000 JavaThread "Cache worker for journal cache (C:\Users\iyi\.gradle\caches\journal-1)" [_thread_blocked, id=11712, stack(0x0000003f5ec00000,0x0000003f5ed00000)]
  0x000001cce95d9000 JavaThread "Cache worker for file hash cache (C:\Users\iyi\AndroidStudioProjects\WFM_Traffic\.gradle\6.7.1\fileHashes)" [_thread_blocked, id=5412, stack(0x0000003f5ed00000,0x0000003f5ee00000)]
  0x000001cce95d8000 JavaThread "Cache worker for checksums cache (C:\Users\iyi\AndroidStudioProjects\WFM_Traffic\.gradle\checksums)" [_thread_blocked, id=13832, stack(0x0000003f5ee00000,0x0000003f5ef00000)]
  0x000001cce95da800 JavaThread "Cache worker for cache directory md-supplier (C:\Users\iyi\.gradle\caches\6.7.1\md-supplier)" [_thread_blocked, id=6352, stack(0x0000003f5ef00000,0x0000003f5f000000)]
  0x000001cce95d9800 JavaThread "Cache worker for cache directory md-rule (C:\Users\iyi\.gradle\caches\6.7.1\md-rule)" [_thread_blocked, id=14100, stack(0x0000003f5f000000,0x0000003f5f100000)]
  0x000001cce95d5800 JavaThread "Cache worker for execution history cache (C:\Users\iyi\.gradle\caches\6.7.1\executionHistory)" [_thread_blocked, id=11956, stack(0x0000003f5f100000,0x0000003f5f200000)]
  0x000001cce95dc000 JavaThread "jar transforms" [_thread_blocked, id=15140, stack(0x0000003f5f300000,0x0000003f5f400000)]
  0x000001ccec25d800 JavaThread "Cache worker for file content cache (C:\Users\iyi\.gradle\caches\6.7.1\fileContent)" [_thread_blocked, id=14664, stack(0x0000003f5f400000,0x0000003f5f500000)]
  0x000001ccec258000 JavaThread "Cache worker for Build Output Cleanup Cache (C:\Users\iyi\AndroidStudioProjects\WFM_Traffic\.gradle\buildOutputCleanup)" [_thread_blocked, id=8844, stack(0x0000003f5f200000,0x0000003f5f300000)]
  0x000001ccec25b000 JavaThread "Build operations" [_thread_blocked, id=10192, stack(0x0000003f5f500000,0x0000003f5f600000)]
  0x000001ccec259000 JavaThread "Build operations Thread 2" [_thread_blocked, id=2320, stack(0x0000003f5f700000,0x0000003f5f800000)]
  0x000001ccec259800 JavaThread "Build operations Thread 3" [_thread_blocked, id=1952, stack(0x0000003f5f800000,0x0000003f5f900000)]
  0x000001ccec25f800 JavaThread "Build operations Thread 4" [_thread_blocked, id=10852, stack(0x0000003f5f900000,0x0000003f5fa00000)]
  0x000001ccec25e800 JavaThread "jar transforms Thread 2" [_thread_blocked, id=14760, stack(0x0000003f5c800000,0x0000003f5c900000)]
  0x000001ccec262000 JavaThread "jar transforms Thread 3" [_thread_blocked, id=12452, stack(0x0000003f5fa00000,0x0000003f5fb00000)]
  0x000001ccec260000 JavaThread "jar transforms Thread 4" [_thread_blocked, id=9792, stack(0x0000003f5fb00000,0x0000003f5fc00000)]
  0x000001ccec25c000 JavaThread "jar transforms Thread 5" [_thread_blocked, id=14584, stack(0x0000003f5fc00000,0x0000003f5fd00000)]
  0x000001ccec261000 JavaThread "jar transforms Thread 6" [_thread_blocked, id=476, stack(0x0000003f5fd00000,0x0000003f5fe00000)]
  0x000001ccec262800 JavaThread "jar transforms Thread 7" [_thread_blocked, id=11168, stack(0x0000003f5fe00000,0x0000003f5ff00000)]
  0x000001ccec25d000 JavaThread "jar transforms Thread 8" [_thread_blocked, id=1336, stack(0x0000003f5ff00000,0x0000003f60000000)]
  0x000001ccec265000 JavaThread "jar transforms Thread 9" [_thread_blocked, id=10312, stack(0x0000003f60000000,0x0000003f60100000)]
  0x000001ccec264000 JavaThread "jar transforms Thread 10" [_thread_blocked, id=10564, stack(0x0000003f60100000,0x0000003f60200000)]
  0x000001ccec266000 JavaThread "jar transforms Thread 11" [_thread_blocked, id=14360, stack(0x0000003f60200000,0x0000003f60300000)]
  0x000001ccec263800 JavaThread "jar transforms Thread 12" [_thread_blocked, id=11444, stack(0x0000003f60300000,0x0000003f60400000)]
  0x000001ccec266800 JavaThread "jar transforms Thread 13" [_thread_blocked, id=13584, stack(0x0000003f60400000,0x0000003f60500000)]
  0x000001ccebebb000 JavaThread "jar transforms Thread 14" [_thread_blocked, id=6072, stack(0x0000003f60500000,0x0000003f60600000)]
=>0x000001cce9cf2800 JavaThread "C2 CompilerThread1" daemon [_thread_in_native, id=3376, stack(0x0000003f60600000,0x0000003f60700000)]
  0x000001ccebeb9800 JavaThread "jar transforms Thread 15" [_thread_blocked, id=14044, stack(0x0000003f60700000,0x0000003f60800000)]
  0x000001ccebeb7000 JavaThread "jar transforms Thread 16" [_thread_blocked, id=2164, stack(0x0000003f60800000,0x0000003f60900000)]
  0x000001ccebeb8000 JavaThread "jar transforms Thread 17" [_thread_blocked, id=11668, stack(0x0000003f60900000,0x0000003f60a00000)]
  0x000001ccebeb6800 JavaThread "jar transforms Thread 18" [_thread_blocked, id=3320, stack(0x0000003f60a00000,0x0000003f60b00000)]
  0x000001ccebeba800 JavaThread "jar transforms Thread 19" [_thread_blocked, id=1528, stack(0x0000003f60b00000,0x0000003f60c00000)]
  0x000001ccebeb8800 JavaThread "jar transforms Thread 20" [_thread_blocked, id=14324, stack(0x0000003f60c00000,0x0000003f60d00000)]
  0x000001ccebebd800 JavaThread "jar transforms Thread 21" [_thread_blocked, id=7680, stack(0x0000003f60d00000,0x0000003f60e00000)]
  0x000001ccebebd000 JavaThread "jar transforms Thread 22" [_thread_blocked, id=11588, stack(0x0000003f60e00000,0x0000003f60f00000)]
  0x000001ccebebe800 JavaThread "jar transforms Thread 23" [_thread_blocked, id=252, stack(0x0000003f60f00000,0x0000003f61000000)]
  0x000001ccebebf000 JavaThread "jar transforms Thread 24" [_thread_blocked, id=12156, stack(0x0000003f61000000,0x0000003f61100000)]
  0x000001ccebec0000 JavaThread "jar transforms Thread 25" [_thread_blocked, id=14056, stack(0x0000003f61100000,0x0000003f61200000)]
  0x000001ccebec1000 JavaThread "jar transforms Thread 26" [_thread_blocked, id=14852, stack(0x0000003f61200000,0x0000003f61300000)]
  0x000001ccebec1800 JavaThread "jar transforms Thread 27" [_thread_blocked, id=13752, stack(0x0000003f61300000,0x0000003f61400000)]
  0x000001ccebebc000 JavaThread "jar transforms Thread 28" [_thread_blocked, id=10144, stack(0x0000003f61400000,0x0000003f61500000)]
  0x000001ccebec4000 JavaThread "jar transforms Thread 29" [_thread_blocked, id=13020, stack(0x0000003f61500000,0x0000003f61600000)]
  0x000001ccebec2800 JavaThread "jar transforms Thread 30" [_thread_blocked, id=14696, stack(0x0000003f61600000,0x0000003f61700000)]
  0x000001ccebec3800 JavaThread "jar transforms Thread 31" [_thread_blocked, id=11552, stack(0x0000003f61700000,0x0000003f61800000)]
  0x000001ccebec5000 JavaThread "jar transforms Thread 32" [_thread_blocked, id=13984, stack(0x0000003f61800000,0x0000003f61900000)]
  0x000001ccea429000 JavaThread "jar transforms Thread 33" [_thread_blocked, id=13636, stack(0x0000003f61900000,0x0000003f61a00000)]
  0x000001ccea427800 JavaThread "jar transforms Thread 34" [_thread_blocked, id=12104, stack(0x0000003f61a00000,0x0000003f61b00000)]
  0x000001ccea42b800 JavaThread "jar transforms Thread 35" [_thread_blocked, id=3052, stack(0x0000003f61b00000,0x0000003f61c00000)]
  0x000001ccea42a000 JavaThread "jar transforms Thread 36" [_thread_blocked, id=13232, stack(0x0000003f61c00000,0x0000003f61d00000)]
  0x000001ccea42b000 JavaThread "jar transforms Thread 37" [_thread_blocked, id=14536, stack(0x0000003f61d00000,0x0000003f61e00000)]
  0x000001ccea42c800 JavaThread "jar transforms Thread 38" [_thread_blocked, id=8608, stack(0x0000003f61e00000,0x0000003f61f00000)]
  0x000001ccea427000 JavaThread "jar transforms Thread 39" [_thread_blocked, id=8500, stack(0x0000003f61f00000,0x0000003f62000000)]
  0x000001ccea42d800 JavaThread "jar transforms Thread 40" [_thread_blocked, id=14816, stack(0x0000003f62000000,0x0000003f62100000)]
  0x000001ccea42e000 JavaThread "jar transforms Thread 41" [_thread_blocked, id=12112, stack(0x0000003f62100000,0x0000003f62200000)]
  0x000001ccea428800 JavaThread "jar transforms Thread 42" [_thread_blocked, id=1444, stack(0x0000003f62200000,0x0000003f62300000)]
  0x000001ccea434000 JavaThread "jar transforms Thread 43" [_thread_blocked, id=14228, stack(0x0000003f62300000,0x0000003f62400000)]
  0x000001ccea430000 JavaThread "jar transforms Thread 44" [_thread_blocked, id=10096, stack(0x0000003f62400000,0x0000003f62500000)]
  0x000001ccea432000 JavaThread "jar transforms Thread 45" [_thread_blocked, id=9980, stack(0x0000003f62500000,0x0000003f62600000)]
  0x000001ccea433000 JavaThread "jar transforms Thread 46" [_thread_blocked, id=14024, stack(0x0000003f62600000,0x0000003f62700000)]
  0x000001ccea434800 JavaThread "jar transforms Thread 47" [_thread_blocked, id=7056, stack(0x0000003f62700000,0x0000003f62800000)]
  0x000001ccea42f000 JavaThread "jar transforms Thread 48" [_thread_blocked, id=11520, stack(0x0000003f62800000,0x0000003f62900000)]
  0x000001ccea435800 JavaThread "jar transforms Thread 49" [_thread_blocked, id=7540, stack(0x0000003f62900000,0x0000003f62a00000)]
  0x000001ccea430800 JavaThread "jar transforms Thread 50" [_thread_blocked, id=13252, stack(0x0000003f62a00000,0x0000003f62b00000)]
  0x000001ccf025b000 JavaThread "jar transforms Thread 51" [_thread_blocked, id=15212, stack(0x0000003f62b00000,0x0000003f62c00000)]
  0x000001ccf0256800 JavaThread "jar transforms Thread 52" [_thread_blocked, id=12480, stack(0x0000003f62c00000,0x0000003f62d00000)]
  0x000001ccf0259800 JavaThread "jar transforms Thread 53" [_thread_blocked, id=12244, stack(0x0000003f62d00000,0x0000003f62e00000)]
  0x000001ccf025c000 JavaThread "jar transforms Thread 54" [_thread_blocked, id=9784, stack(0x0000003f62e00000,0x0000003f62f00000)]
  0x000001ccf0257000 JavaThread "jar transforms Thread 55" [_thread_blocked, id=12984, stack(0x0000003f62f00000,0x0000003f63000000)]
  0x000001ccf025d000 JavaThread "jar transforms Thread 56" [_thread_blocked, id=15264, stack(0x0000003f63000000,0x0000003f63100000)]
  0x000001ccf025d800 JavaThread "jar transforms Thread 57" [_thread_blocked, id=1104, stack(0x0000003f63100000,0x0000003f63200000)]

Other Threads:
  0x000001cce7258800 VMThread "VM Thread" [stack: 0x0000003f5d000000,0x0000003f5d100000] [id=14216]
  0x000001cce7d71800 WatcherThread [stack: 0x0000003f5da00000,0x0000003f5db00000] [id=12296]
  0x000001cccb891800 GCTaskThread "GC Thread#0" [stack: 0x0000003f5cb00000,0x0000003f5cc00000] [id=13928]
  0x000001cce87a7800 GCTaskThread "GC Thread#1" [stack: 0x0000003f5dc00000,0x0000003f5dd00000] [id=14796]
  0x000001cce8164000 GCTaskThread "GC Thread#2" [stack: 0x0000003f5dd00000,0x0000003f5de00000] [id=14272]
  0x000001cce8e69800 GCTaskThread "GC Thread#3" [stack: 0x0000003f5e900000,0x0000003f5ea00000] [id=12648]
  0x000001cccb8c5000 ConcurrentGCThread "G1 Main Marker" [stack: 0x0000003f5cc00000,0x0000003f5cd00000] [id=1040]
  0x000001cccb8c7000 ConcurrentGCThread "G1 Conc#0" [stack: 0x0000003f5cd00000,0x0000003f5ce00000] [id=15092]
  0x000001cccb95c800 ConcurrentGCThread "G1 Refine#0" [stack: 0x0000003f5ce00000,0x0000003f5cf00000] [id=9840]
  0x000001cccb95d800 ConcurrentGCThread "G1 Young RemSet Sampling" [stack: 0x0000003f5cf00000,0x0000003f5d000000] [id=15224]

Threads with active compile tasks:
C2 CompilerThread0  60672 6791       4       org.objectweb.asm.ClassWriter::toByteArray (1513 bytes)
C2 CompilerThread1  60672 6769 %     4       org.objectweb.asm.ClassReader::readCode @ 71 (5089 bytes)

VM state:not at safepoint (normal execution)

VM Mutex/Monitor currently owned by a thread: None

OutOfMemory and StackOverflow Exception counts:
OutOfMemoryError java_heap_errors=1
LinkageErrors=74

Heap address: 0x0000000080000000, size: 2048 MB, Compressed Oops mode: 32-bit
Narrow klass base: 0x0000000000000000, Narrow klass shift: 3
Compressed class space size: 1073741824 Address: 0x0000000100000000

Heap:
 garbage-first heap   total 200704K, used 147180K [0x0000000080000000, 0x0000000100000000)
  region size 1024K, 113 young (115712K), 10 survivors (10240K)
 Metaspace       used 57695K, capacity 58861K, committed 59008K, reserved 1101824K
  class space    used 7081K, capacity 7463K, committed 7552K, reserved 1048576K
Heap Regions: E=young(eden), S=young(survivor), O=old, HS=humongous(starts), HC=humongous(continues), CS=collection set, F=free, A=archive, TAMS=top-at-mark-start (previous, next)
|   0|0x0000000080000000, 0x0000000080100000, 0x0000000080100000|100%| O|  |TAMS 0x0000000080100000, 0x0000000080000000| Untracked 
|   1|0x0000000080100000, 0x0000000080200000, 0x0000000080200000|100%| O|  |TAMS 0x0000000080200000, 0x0000000080100000| Untracked 
|   2|0x0000000080200000, 0x0000000080300000, 0x0000000080300000|100%| O|  |TAMS 0x0000000080300000, 0x0000000080200000| Untracked 
|   3|0x0000000080300000, 0x0000000080400000, 0x0000000080400000|100%|HS|  |TAMS 0x0000000080400000, 0x0000000080300000| Complete 
|   4|0x0000000080400000, 0x0000000080500000, 0x0000000080500000|100%|HC|  |TAMS 0x0000000080500000, 0x0000000080400000| Complete 
|   5|0x0000000080500000, 0x0000000080600000, 0x0000000080600000|100%|HC|  |TAMS 0x0000000080600000, 0x0000000080500000| Complete 
|   6|0x0000000080600000, 0x0000000080700000, 0x0000000080700000|100%| O|  |TAMS 0x0000000080700000, 0x0000000080600000| Untracked 
|   7|0x0000000080700000, 0x0000000080800000, 0x0000000080800000|100%| O|  |TAMS 0x0000000080800000, 0x0000000080700000| Untracked 
|   8|0x0000000080800000, 0x0000000080900000, 0x0000000080900000|100%| O|  |TAMS 0x0000000080900000, 0x0000000080800000| Untracked 
|   9|0x0000000080900000, 0x0000000080a00000, 0x0000000080a00000|100%| O|  |TAMS 0x0000000080a00000, 0x0000000080900000| Untracked 
|  10|0x0000000080a00000, 0x0000000080b00000, 0x0000000080b00000|100%| O|  |TAMS 0x0000000080b00000, 0x0000000080a00000| Untracked 
|  11|0x0000000080b00000, 0x0000000080c00000, 0x0000000080c00000|100%| O|  |TAMS 0x0000000080c00000, 0x0000000080b00000| Untracked 
|  12|0x0000000080c00000, 0x0000000080d00000, 0x0000000080d00000|100%| O|  |TAMS 0x0000000080d00000, 0x0000000080c00000| Untracked 
|  13|0x0000000080d00000, 0x0000000080e00000, 0x0000000080e00000|100%| O|  |TAMS 0x0000000080e00000, 0x0000000080d00000| Untracked 
|  14|0x0000000080e00000, 0x0000000080f00000, 0x0000000080f00000|100%| O|  |TAMS 0x0000000080f00000, 0x0000000080e00000| Untracked 
|  15|0x0000000080f00000, 0x0000000081000000, 0x0000000081000000|100%| O|  |TAMS 0x0000000080f18400, 0x0000000080f00000| Untracked 
|  16|0x0000000081000000, 0x0000000081100000, 0x0000000081100000|100%| O|  |TAMS 0x0000000081000000, 0x0000000081000000| Untracked 
|  17|0x0000000081100000, 0x0000000081200000, 0x0000000081200000|100%| O|  |TAMS 0x0000000081100000, 0x0000000081100000| Untracked 
|  18|0x0000000081200000, 0x0000000081300000, 0x0000000081300000|100%| O|  |TAMS 0x0000000081200000, 0x0000000081200000| Untracked 
|  19|0x0000000081300000, 0x0000000081400000, 0x0000000081400000|100%| O|  |TAMS 0x0000000081300000, 0x0000000081300000| Untracked 
|  20|0x0000000081400000, 0x0000000081500000, 0x0000000081500000|100%| O|  |TAMS 0x0000000081400000, 0x0000000081400000| Untracked 
|  21|0x0000000081500000, 0x0000000081600000, 0x0000000081600000|100%| O|  |TAMS 0x0000000081500000, 0x0000000081500000| Untracked 
|  22|0x0000000081600000, 0x0000000081700000, 0x0000000081700000|100%| O|  |TAMS 0x0000000081600000, 0x0000000081600000| Untracked 
|  23|0x0000000081700000, 0x0000000081800000, 0x0000000081800000|100%| O|  |TAMS 0x0000000081700000, 0x0000000081700000| Untracked 
|  24|0x0000000081800000, 0x0000000081900000, 0x0000000081900000|100%| O|  |TAMS 0x0000000081800000, 0x0000000081800000| Untracked 
|  25|0x0000000081900000, 0x0000000081a00000, 0x0000000081a00000|100%| O|  |TAMS 0x0000000081900000, 0x0000000081900000| Untracked 
|  26|0x0000000081a00000, 0x0000000081b00000, 0x0000000081b00000|100%|HS|  |TAMS 0x0000000081a00000, 0x0000000081a00000| Complete 
|  27|0x0000000081b00000, 0x0000000081c00000, 0x0000000081c00000|100%| O|  |TAMS 0x0000000081b00000, 0x0000000081b00000| Untracked 
|  28|0x0000000081c00000, 0x0000000081d00000, 0x0000000081d00000|100%| O|  |TAMS 0x0000000081c00000, 0x0000000081c00000| Untracked 
|  29|0x0000000081d00000, 0x0000000081e00000, 0x0000000081e00000|100%| O|  |TAMS 0x0000000081d00000, 0x0000000081d00000| Untracked 
|  30|0x0000000081e00000, 0x0000000081f00000, 0x0000000081f00000|100%| O|  |TAMS 0x0000000081e00000, 0x0000000081e00000| Untracked 
|  31|0x0000000081f00000, 0x0000000082000000, 0x0000000082000000|100%| O|  |TAMS 0x0000000081f00000, 0x0000000081f00000| Untracked 
|  32|0x0000000082000000, 0x0000000082050000, 0x0000000082100000| 31%| O|  |TAMS 0x0000000082000000, 0x0000000082000000| Untracked 
|  33|0x0000000082100000, 0x0000000082100000, 0x0000000082200000|  0%| F|  |TAMS 0x0000000082100000, 0x0000000082100000| Untracked 
|  34|0x0000000082200000, 0x0000000082200000, 0x0000000082300000|  0%| F|  |TAMS 0x0000000082200000, 0x0000000082200000| Untracked 
|  35|0x0000000082300000, 0x0000000082300000, 0x0000000082400000|  0%| F|  |TAMS 0x0000000082300000, 0x0000000082300000| Untracked 
|  36|0x0000000082400000, 0x0000000082400000, 0x0000000082500000|  0%| F|  |TAMS 0x0000000082400000, 0x0000000082400000| Untracked 
|  37|0x0000000082500000, 0x0000000082500000, 0x0000000082600000|  0%| F|  |TAMS 0x0000000082500000, 0x0000000082500000| Untracked 
|  38|0x0000000082600000, 0x0000000082600000, 0x0000000082700000|  0%| F|  |TAMS 0x0000000082600000, 0x0000000082600000| Untracked 
|  39|0x0000000082700000, 0x0000000082700000, 0x0000000082800000|  0%| F|  |TAMS 0x0000000082700000, 0x0000000082700000| Untracked 
|  40|0x0000000082800000, 0x0000000082800000, 0x0000000082900000|  0%| F|  |TAMS 0x0000000082800000, 0x0000000082800000| Untracked 
|  41|0x0000000082900000, 0x0000000082900000, 0x0000000082a00000|  0%| F|  |TAMS 0x0000000082900000, 0x0000000082900000| Untracked 
|  42|0x0000000082a00000, 0x0000000082a00000, 0x0000000082b00000|  0%| F|  |TAMS 0x0000000082a00000, 0x0000000082a00000| Untracked 
|  43|0x0000000082b00000, 0x0000000082b00000, 0x0000000082c00000|  0%| F|  |TAMS 0x0000000082b00000, 0x0000000082b00000| Untracked 
|  44|0x0000000082c00000, 0x0000000082c00000, 0x0000000082d00000|  0%| F|  |TAMS 0x0000000082c00000, 0x0000000082c00000| Untracked 
|  45|0x0000000082d00000, 0x0000000082d00000, 0x0000000082e00000|  0%| F|  |TAMS 0x0000000082d00000, 0x0000000082d00000| Untracked 
|  46|0x0000000082e00000, 0x0000000082e00000, 0x0000000082f00000|  0%| F|  |TAMS 0x0000000082e00000, 0x0000000082e00000| Untracked 
|  47|0x0000000082f00000, 0x0000000082f00000, 0x0000000083000000|  0%| F|  |TAMS 0x0000000082f00000, 0x0000000082f00000| Untracked 
|  48|0x0000000083000000, 0x0000000083000000, 0x0000000083100000|  0%| F|  |TAMS 0x0000000083000000, 0x0000000083000000| Untracked 
|  49|0x0000000083100000, 0x0000000083100000, 0x0000000083200000|  0%| F|  |TAMS 0x0000000083100000, 0x0000000083100000| Untracked 
|  50|0x0000000083200000, 0x0000000083200000, 0x0000000083300000|  0%| F|  |TAMS 0x0000000083200000, 0x0000000083200000| Untracked 
|  51|0x0000000083300000, 0x0000000083300000, 0x0000000083400000|  0%| F|  |TAMS 0x0000000083300000, 0x0000000083300000| Untracked 
|  52|0x0000000083400000, 0x0000000083400000, 0x0000000083500000|  0%| F|  |TAMS 0x0000000083400000, 0x0000000083400000| Untracked 
|  53|0x0000000083500000, 0x0000000083500000, 0x0000000083600000|  0%| F|  |TAMS 0x0000000083500000, 0x0000000083500000| Untracked 
|  54|0x0000000083600000, 0x0000000083600000, 0x0000000083700000|  0%| F|  |TAMS 0x0000000083600000, 0x0000000083600000| Untracked 
|  55|0x0000000083700000, 0x0000000083700000, 0x0000000083800000|  0%| F|  |TAMS 0x0000000083700000, 0x0000000083700000| Untracked 
|  56|0x0000000083800000, 0x0000000083800000, 0x0000000083900000|  0%| F|  |TAMS 0x0000000083800000, 0x0000000083800000| Untracked 
|  57|0x0000000083900000, 0x0000000083900000, 0x0000000083a00000|  0%| F|  |TAMS 0x0000000083900000, 0x0000000083900000| Untracked 
|  58|0x0000000083a00000, 0x0000000083a00000, 0x0000000083b00000|  0%| F|  |TAMS 0x0000000083a00000, 0x0000000083a00000| Untracked 
|  59|0x0000000083b00000, 0x0000000083b00000, 0x0000000083c00000|  0%| F|  |TAMS 0x0000000083b00000, 0x0000000083b00000| Untracked 
|  60|0x0000000083c00000, 0x0000000083c00000, 0x0000000083d00000|  0%| F|  |TAMS 0x0000000083c00000, 0x0000000083c00000| Untracked 
|  61|0x0000000083d00000, 0x0000000083d00000, 0x0000000083e00000|  0%| F|  |TAMS 0x0000000083d00000, 0x0000000083d00000| Untracked 
|  62|0x0000000083e00000, 0x0000000083e00000, 0x0000000083f00000|  0%| F|  |TAMS 0x0000000083e00000, 0x0000000083e00000| Untracked 
|  63|0x0000000083f00000, 0x0000000083f00000, 0x0000000084000000|  0%| F|  |TAMS 0x0000000083f00000, 0x0000000083f00000| Untracked 
|  64|0x0000000084000000, 0x0000000084000000, 0x0000000084100000|  0%| F|  |TAMS 0x0000000084000000, 0x0000000084000000| Untracked 
|  65|0x0000000084100000, 0x0000000084100000, 0x0000000084200000|  0%| F|  |TAMS 0x0000000084100000, 0x0000000084100000| Untracked 
|  66|0x0000000084200000, 0x0000000084200000, 0x0000000084300000|  0%| F|  |TAMS 0x0000000084200000, 0x0000000084200000| Untracked 
|  67|0x0000000084300000, 0x0000000084300000, 0x0000000084400000|  0%| F|  |TAMS 0x0000000084300000, 0x0000000084300000| Untracked 
|  68|0x0000000084400000, 0x0000000084400000, 0x0000000084500000|  0%| F|  |TAMS 0x0000000084400000, 0x0000000084400000| Untracked 
|  69|0x0000000084500000, 0x000000008456b1a8, 0x0000000084600000| 41%| S|CS|TAMS 0x0000000084500000, 0x0000000084500000| Complete 
|  70|0x0000000084600000, 0x0000000084600000, 0x0000000084700000|  0%| F|  |TAMS 0x0000000084600000, 0x0000000084600000| Untracked 
|  71|0x0000000084700000, 0x0000000084700000, 0x0000000084800000|  0%| F|  |TAMS 0x0000000084700000, 0x0000000084700000| Untracked 
|  72|0x0000000084800000, 0x0000000084800000, 0x0000000084900000|  0%| F|  |TAMS 0x0000000084800000, 0x0000000084800000| Untracked 
|  73|0x0000000084900000, 0x0000000084900000, 0x0000000084a00000|  0%| F|  |TAMS 0x0000000084900000, 0x0000000084900000| Untracked 
|  74|0x0000000084a00000, 0x0000000084a00000, 0x0000000084b00000|  0%| F|  |TAMS 0x0000000084a00000, 0x0000000084a00000| Untracked 
|  75|0x0000000084b00000, 0x0000000084b00000, 0x0000000084c00000|  0%| F|  |TAMS 0x0000000084b00000, 0x0000000084b00000| Untracked 
|  76|0x0000000084c00000, 0x0000000084c00000, 0x0000000084d00000|  0%| F|  |TAMS 0x0000000084c00000, 0x0000000084c00000| Untracked 
|  77|0x0000000084d00000, 0x0000000084d00000, 0x0000000084e00000|  0%| F|  |TAMS 0x0000000084d00000, 0x0000000084d00000| Untracked 
|  78|0x0000000084e00000, 0x0000000084e00000, 0x0000000084f00000|  0%| F|  |TAMS 0x0000000084e00000, 0x0000000084e00000| Untracked 
|  79|0x0000000084f00000, 0x0000000084f00000, 0x0000000085000000|  0%| F|  |TAMS 0x0000000084f00000, 0x0000000084f00000| Untracked 
|  80|0x0000000085000000, 0x0000000085100000, 0x0000000085100000|100%| S|CS|TAMS 0x0000000085000000, 0x0000000085000000| Complete 
|  81|0x0000000085100000, 0x0000000085200000, 0x0000000085200000|100%| S|CS|TAMS 0x0000000085100000, 0x0000000085100000| Complete 
|  82|0x0000000085200000, 0x0000000085300000, 0x0000000085300000|100%| S|CS|TAMS 0x0000000085200000, 0x0000000085200000| Complete 
|  83|0x0000000085300000, 0x0000000085400000, 0x0000000085400000|100%| S|CS|TAMS 0x0000000085300000, 0x0000000085300000| Complete 
|  84|0x0000000085400000, 0x0000000085500000, 0x0000000085500000|100%| S|CS|TAMS 0x0000000085400000, 0x0000000085400000| Complete 
|  85|0x0000000085500000, 0x0000000085600000, 0x0000000085600000|100%| S|CS|TAMS 0x0000000085500000, 0x0000000085500000| Complete 
|  86|0x0000000085600000, 0x0000000085700000, 0x0000000085700000|100%| S|CS|TAMS 0x0000000085600000, 0x0000000085600000| Complete 
|  87|0x0000000085700000, 0x0000000085800000, 0x0000000085800000|100%| S|CS|TAMS 0x0000000085700000, 0x0000000085700000| Complete 
|  88|0x0000000085800000, 0x0000000085900000, 0x0000000085900000|100%| S|CS|TAMS 0x0000000085800000, 0x0000000085800000| Complete 
|  89|0x0000000085900000, 0x0000000085900000, 0x0000000085a00000|  0%| F|  |TAMS 0x0000000085900000, 0x0000000085900000| Untracked 
|  90|0x0000000085a00000, 0x0000000085a00000, 0x0000000085b00000|  0%| F|  |TAMS 0x0000000085a00000, 0x0000000085a00000| Untracked 
|  91|0x0000000085b00000, 0x0000000085b00000, 0x0000000085c00000|  0%| F|  |TAMS 0x0000000085b00000, 0x0000000085b00000| Untracked 
|  92|0x0000000085c00000, 0x0000000085c00000, 0x0000000085d00000|  0%| F|  |TAMS 0x0000000085c00000, 0x0000000085c00000| Untracked 
|  93|0x0000000085d00000, 0x0000000085d80800, 0x0000000085e00000| 50%| E|  |TAMS 0x0000000085d00000, 0x0000000085d00000| Complete 
|  94|0x0000000085e00000, 0x0000000085f00000, 0x0000000085f00000|100%| E|CS|TAMS 0x0000000085e00000, 0x0000000085e00000| Complete 
|  95|0x0000000085f00000, 0x0000000086000000, 0x0000000086000000|100%| E|CS|TAMS 0x0000000085f00000, 0x0000000085f00000| Complete 
|  96|0x0000000086000000, 0x0000000086100000, 0x0000000086100000|100%| E|CS|TAMS 0x0000000086000000, 0x0000000086000000| Complete 
|  97|0x0000000086100000, 0x0000000086200000, 0x0000000086200000|100%| E|CS|TAMS 0x0000000086100000, 0x0000000086100000| Complete 
|  98|0x0000000086200000, 0x0000000086300000, 0x0000000086300000|100%| E|CS|TAMS 0x0000000086200000, 0x0000000086200000| Complete 
|  99|0x0000000086300000, 0x0000000086400000, 0x0000000086400000|100%| E|CS|TAMS 0x0000000086300000, 0x0000000086300000| Complete 
| 100|0x0000000086400000, 0x0000000086500000, 0x0000000086500000|100%| E|CS|TAMS 0x0000000086400000, 0x0000000086400000| Complete 
| 101|0x0000000086500000, 0x0000000086600000, 0x0000000086600000|100%| E|CS|TAMS 0x0000000086500000, 0x0000000086500000| Complete 
| 102|0x0000000086600000, 0x0000000086700000, 0x0000000086700000|100%| E|CS|TAMS 0x0000000086600000, 0x0000000086600000| Complete 
| 103|0x0000000086700000, 0x0000000086800000, 0x0000000086800000|100%| E|CS|TAMS 0x0000000086700000, 0x0000000086700000| Complete 
| 104|0x0000000086800000, 0x0000000086900000, 0x0000000086900000|100%| E|CS|TAMS 0x0000000086800000, 0x0000000086800000| Complete 
| 105|0x0000000086900000, 0x0000000086a00000, 0x0000000086a00000|100%| E|CS|TAMS 0x0000000086900000, 0x0000000086900000| Complete 
| 106|0x0000000086a00000, 0x0000000086b00000, 0x0000000086b00000|100%| E|CS|TAMS 0x0000000086a00000, 0x0000000086a00000| Complete 
| 107|0x0000000086b00000, 0x0000000086c00000, 0x0000000086c00000|100%| E|CS|TAMS 0x0000000086b00000, 0x0000000086b00000| Complete 
| 108|0x0000000086c00000, 0x0000000086d00000, 0x0000000086d00000|100%| E|CS|TAMS 0x0000000086c00000, 0x0000000086c00000| Complete 
| 109|0x0000000086d00000, 0x0000000086e00000, 0x0000000086e00000|100%| E|CS|TAMS 0x0000000086d00000, 0x0000000086d00000| Complete 
| 110|0x0000000086e00000, 0x0000000086f00000, 0x0000000086f00000|100%| E|CS|TAMS 0x0000000086e00000, 0x0000000086e00000| Complete 
| 111|0x0000000086f00000, 0x0000000087000000, 0x0000000087000000|100%| E|CS|TAMS 0x0000000086f00000, 0x0000000086f00000| Complete 
| 112|0x0000000087000000, 0x0000000087100000, 0x0000000087100000|100%| E|CS|TAMS 0x0000000087000000, 0x0000000087000000| Complete 
| 113|0x0000000087100000, 0x0000000087200000, 0x0000000087200000|100%| E|CS|TAMS 0x0000000087100000, 0x0000000087100000| Complete 
| 114|0x0000000087200000, 0x0000000087300000, 0x0000000087300000|100%| E|CS|TAMS 0x0000000087200000, 0x0000000087200000| Complete 
| 115|0x0000000087300000, 0x0000000087400000, 0x0000000087400000|100%| E|CS|TAMS 0x0000000087300000, 0x0000000087300000| Complete 
| 116|0x0000000087400000, 0x0000000087500000, 0x0000000087500000|100%| E|CS|TAMS 0x0000000087400000, 0x0000000087400000| Complete 
| 117|0x0000000087500000, 0x0000000087600000, 0x0000000087600000|100%| E|CS|TAMS 0x0000000087500000, 0x0000000087500000| Complete 
| 118|0x0000000087600000, 0x0000000087700000, 0x0000000087700000|100%| E|CS|TAMS 0x0000000087600000, 0x0000000087600000| Complete 
| 119|0x0000000087700000, 0x0000000087800000, 0x0000000087800000|100%| E|CS|TAMS 0x0000000087700000, 0x0000000087700000| Complete 
| 120|0x0000000087800000, 0x0000000087900000, 0x0000000087900000|100%| E|CS|TAMS 0x0000000087800000, 0x0000000087800000| Complete 
| 121|0x0000000087900000, 0x0000000087a00000, 0x0000000087a00000|100%| E|CS|TAMS 0x0000000087900000, 0x0000000087900000| Complete 
| 122|0x0000000087a00000, 0x0000000087b00000, 0x0000000087b00000|100%| E|CS|TAMS 0x0000000087a00000, 0x0000000087a00000| Complete 
| 123|0x0000000087b00000, 0x0000000087c00000, 0x0000000087c00000|100%| E|CS|TAMS 0x0000000087b00000, 0x0000000087b00000| Complete 
| 124|0x0000000087c00000, 0x0000000087d00000, 0x0000000087d00000|100%| E|CS|TAMS 0x0000000087c00000, 0x0000000087c00000| Complete 
| 125|0x0000000087d00000, 0x0000000087e00000, 0x0000000087e00000|100%| E|CS|TAMS 0x0000000087d00000, 0x0000000087d00000| Complete 
| 126|0x0000000087e00000, 0x0000000087f00000, 0x0000000087f00000|100%| E|CS|TAMS 0x0000000087e00000, 0x0000000087e00000| Complete 
| 127|0x0000000087f00000, 0x0000000088000000, 0x0000000088000000|100%| E|CS|TAMS 0x0000000087f00000, 0x0000000087f00000| Complete 
| 128|0x0000000088000000, 0x0000000088100000, 0x0000000088100000|100%| E|CS|TAMS 0x0000000088000000, 0x0000000088000000| Complete 
| 129|0x0000000088100000, 0x0000000088200000, 0x0000000088200000|100%| E|CS|TAMS 0x0000000088100000, 0x0000000088100000| Complete 
| 130|0x0000000088200000, 0x0000000088300000, 0x0000000088300000|100%| E|CS|TAMS 0x0000000088200000, 0x0000000088200000| Complete 
| 131|0x0000000088300000, 0x0000000088400000, 0x0000000088400000|100%| E|CS|TAMS 0x0000000088300000, 0x0000000088300000| Complete 
| 132|0x0000000088400000, 0x0000000088500000, 0x0000000088500000|100%| E|CS|TAMS 0x0000000088400000, 0x0000000088400000| Complete 
| 133|0x0000000088500000, 0x0000000088600000, 0x0000000088600000|100%| E|CS|TAMS 0x0000000088500000, 0x0000000088500000| Complete 
| 134|0x0000000088600000, 0x0000000088700000, 0x0000000088700000|100%| E|CS|TAMS 0x0000000088600000, 0x0000000088600000| Complete 
| 135|0x0000000088700000, 0x0000000088800000, 0x0000000088800000|100%| E|CS|TAMS 0x0000000088700000, 0x0000000088700000| Complete 
| 136|0x0000000088800000, 0x0000000088900000, 0x0000000088900000|100%| E|CS|TAMS 0x0000000088800000, 0x0000000088800000| Complete 
| 137|0x0000000088900000, 0x0000000088a00000, 0x0000000088a00000|100%| E|CS|TAMS 0x0000000088900000, 0x0000000088900000| Complete 
| 138|0x0000000088a00000, 0x0000000088b00000, 0x0000000088b00000|100%| E|CS|TAMS 0x0000000088a00000, 0x0000000088a00000| Complete 
| 139|0x0000000088b00000, 0x0000000088c00000, 0x0000000088c00000|100%| E|CS|TAMS 0x0000000088b00000, 0x0000000088b00000| Complete 
| 140|0x0000000088c00000, 0x0000000088d00000, 0x0000000088d00000|100%| E|CS|TAMS 0x0000000088c00000, 0x0000000088c00000| Complete 
| 141|0x0000000088d00000, 0x0000000088e00000, 0x0000000088e00000|100%| E|CS|TAMS 0x0000000088d00000, 0x0000000088d00000| Complete 
| 142|0x0000000088e00000, 0x0000000088f00000, 0x0000000088f00000|100%| E|CS|TAMS 0x0000000088e00000, 0x0000000088e00000| Complete 
| 143|0x0000000088f00000, 0x0000000089000000, 0x0000000089000000|100%| E|CS|TAMS 0x0000000088f00000, 0x0000000088f00000| Complete 
| 144|0x0000000089000000, 0x0000000089100000, 0x0000000089100000|100%| E|CS|TAMS 0x0000000089000000, 0x0000000089000000| Complete 
| 145|0x0000000089100000, 0x0000000089200000, 0x0000000089200000|100%| E|CS|TAMS 0x0000000089100000, 0x0000000089100000| Complete 
| 146|0x0000000089200000, 0x0000000089300000, 0x0000000089300000|100%| E|CS|TAMS 0x0000000089200000, 0x0000000089200000| Complete 
| 147|0x0000000089300000, 0x0000000089400000, 0x0000000089400000|100%| E|CS|TAMS 0x0000000089300000, 0x0000000089300000| Complete 
| 148|0x0000000089400000, 0x0000000089500000, 0x0000000089500000|100%| E|CS|TAMS 0x0000000089400000, 0x0000000089400000| Complete 
| 149|0x0000000089500000, 0x0000000089600000, 0x0000000089600000|100%| E|CS|TAMS 0x0000000089500000, 0x0000000089500000| Complete 
| 150|0x0000000089600000, 0x0000000089700000, 0x0000000089700000|100%| E|CS|TAMS 0x0000000089600000, 0x0000000089600000| Complete 
| 151|0x0000000089700000, 0x0000000089800000, 0x0000000089800000|100%| E|CS|TAMS 0x0000000089700000, 0x0000000089700000| Complete 
| 152|0x0000000089800000, 0x0000000089900000, 0x0000000089900000|100%| E|CS|TAMS 0x0000000089800000, 0x0000000089800000| Complete 
| 153|0x0000000089900000, 0x0000000089a00000, 0x0000000089a00000|100%| E|CS|TAMS 0x0000000089900000, 0x0000000089900000| Complete 
| 154|0x0000000089a00000, 0x0000000089b00000, 0x0000000089b00000|100%| E|CS|TAMS 0x0000000089a00000, 0x0000000089a00000| Complete 
| 155|0x0000000089b00000, 0x0000000089c00000, 0x0000000089c00000|100%| E|CS|TAMS 0x0000000089b00000, 0x0000000089b00000| Complete 
| 156|0x0000000089c00000, 0x0000000089d00000, 0x0000000089d00000|100%| E|CS|TAMS 0x0000000089c00000, 0x0000000089c00000| Complete 
| 157|0x0000000089d00000, 0x0000000089e00000, 0x0000000089e00000|100%| E|CS|TAMS 0x0000000089d00000, 0x0000000089d00000| Complete 
| 158|0x0000000089e00000, 0x0000000089f00000, 0x0000000089f00000|100%| E|CS|TAMS 0x0000000089e00000, 0x0000000089e00000| Complete 
| 159|0x0000000089f00000, 0x000000008a000000, 0x000000008a000000|100%| E|CS|TAMS 0x0000000089f00000, 0x0000000089f00000| Complete 
| 160|0x000000008a000000, 0x000000008a100000, 0x000000008a100000|100%| E|CS|TAMS 0x000000008a000000, 0x000000008a000000| Complete 
| 161|0x000000008a100000, 0x000000008a200000, 0x000000008a200000|100%| E|CS|TAMS 0x000000008a100000, 0x000000008a100000| Complete 
| 162|0x000000008a200000, 0x000000008a300000, 0x000000008a300000|100%| E|CS|TAMS 0x000000008a200000, 0x000000008a200000| Complete 
| 163|0x000000008a300000, 0x000000008a400000, 0x000000008a400000|100%| E|CS|TAMS 0x000000008a300000, 0x000000008a300000| Complete 
| 164|0x000000008a400000, 0x000000008a500000, 0x000000008a500000|100%| E|CS|TAMS 0x000000008a400000, 0x000000008a400000| Complete 
| 165|0x000000008a500000, 0x000000008a600000, 0x000000008a600000|100%| E|CS|TAMS 0x000000008a500000, 0x000000008a500000| Complete 
| 166|0x000000008a600000, 0x000000008a700000, 0x000000008a700000|100%| E|CS|TAMS 0x000000008a600000, 0x000000008a600000| Complete 
| 167|0x000000008a700000, 0x000000008a800000, 0x000000008a800000|100%| E|CS|TAMS 0x000000008a700000, 0x000000008a700000| Complete 
| 168|0x000000008a800000, 0x000000008a900000, 0x000000008a900000|100%| E|CS|TAMS 0x000000008a800000, 0x000000008a800000| Complete 
| 169|0x000000008a900000, 0x000000008aa00000, 0x000000008aa00000|100%| E|CS|TAMS 0x000000008a900000, 0x000000008a900000| Complete 
| 170|0x000000008aa00000, 0x000000008ab00000, 0x000000008ab00000|100%| E|CS|TAMS 0x000000008aa00000, 0x000000008aa00000| Complete 
| 171|0x000000008ab00000, 0x000000008ac00000, 0x000000008ac00000|100%| E|CS|TAMS 0x000000008ab00000, 0x000000008ab00000| Complete 
| 172|0x000000008ac00000, 0x000000008ad00000, 0x000000008ad00000|100%| E|CS|TAMS 0x000000008ac00000, 0x000000008ac00000| Complete 
| 173|0x000000008ad00000, 0x000000008ae00000, 0x000000008ae00000|100%| E|CS|TAMS 0x000000008ad00000, 0x000000008ad00000| Complete 
| 174|0x000000008ae00000, 0x000000008af00000, 0x000000008af00000|100%| E|CS|TAMS 0x000000008ae00000, 0x000000008ae00000| Complete 
| 175|0x000000008af00000, 0x000000008b000000, 0x000000008b000000|100%| E|CS|TAMS 0x000000008af00000, 0x000000008af00000| Complete 
| 176|0x000000008b000000, 0x000000008b100000, 0x000000008b100000|100%| E|CS|TAMS 0x000000008b000000, 0x000000008b000000| Complete 
| 177|0x000000008b100000, 0x000000008b200000, 0x000000008b200000|100%| E|CS|TAMS 0x000000008b100000, 0x000000008b100000| Complete 
| 178|0x000000008b200000, 0x000000008b300000, 0x000000008b300000|100%| E|CS|TAMS 0x000000008b200000, 0x000000008b200000| Complete 
| 179|0x000000008b300000, 0x000000008b400000, 0x000000008b400000|100%| E|CS|TAMS 0x000000008b300000, 0x000000008b300000| Complete 
| 180|0x000000008b400000, 0x000000008b500000, 0x000000008b500000|100%| E|CS|TAMS 0x000000008b400000, 0x000000008b400000| Complete 
| 181|0x000000008b500000, 0x000000008b600000, 0x000000008b600000|100%| E|CS|TAMS 0x000000008b500000, 0x000000008b500000| Complete 
| 182|0x000000008b600000, 0x000000008b700000, 0x000000008b700000|100%| E|CS|TAMS 0x000000008b600000, 0x000000008b600000| Complete 
| 183|0x000000008b700000, 0x000000008b800000, 0x000000008b800000|100%| E|CS|TAMS 0x000000008b700000, 0x000000008b700000| Complete 
| 184|0x000000008b800000, 0x000000008b900000, 0x000000008b900000|100%| E|CS|TAMS 0x000000008b800000, 0x000000008b800000| Complete 
| 185|0x000000008b900000, 0x000000008ba00000, 0x000000008ba00000|100%| E|CS|TAMS 0x000000008b900000, 0x000000008b900000| Complete 
| 186|0x000000008ba00000, 0x000000008bb00000, 0x000000008bb00000|100%| E|CS|TAMS 0x000000008ba00000, 0x000000008ba00000| Complete 
| 187|0x000000008bb00000, 0x000000008bc00000, 0x000000008bc00000|100%| E|CS|TAMS 0x000000008bb00000, 0x000000008bb00000| Complete 
| 188|0x000000008bc00000, 0x000000008bd00000, 0x000000008bd00000|100%| E|CS|TAMS 0x000000008bc00000, 0x000000008bc00000| Complete 
| 189|0x000000008bd00000, 0x000000008be00000, 0x000000008be00000|100%| E|CS|TAMS 0x000000008bd00000, 0x000000008bd00000| Complete 
| 190|0x000000008be00000, 0x000000008bf00000, 0x000000008bf00000|100%| E|CS|TAMS 0x000000008be00000, 0x000000008be00000| Complete 
| 191|0x000000008bf00000, 0x000000008c000000, 0x000000008c000000|100%| E|CS|TAMS 0x000000008bf00000, 0x000000008bf00000| Complete 
| 192|0x000000008c000000, 0x000000008c100000, 0x000000008c100000|100%| E|CS|TAMS 0x000000008c000000, 0x000000008c000000| Complete 
| 193|0x000000008c100000, 0x000000008c200000, 0x000000008c200000|100%| E|CS|TAMS 0x000000008c100000, 0x000000008c100000| Complete 
| 194|0x000000008c200000, 0x000000008c300000, 0x000000008c300000|100%| E|CS|TAMS 0x000000008c200000, 0x000000008c200000| Complete 
| 195|0x000000008c300000, 0x000000008c400000, 0x000000008c400000|100%| E|CS|TAMS 0x000000008c300000, 0x000000008c300000| Complete 

Card table byte_map: [0x000001cce0420000,0x000001cce0820000] _byte_map_base: 0x000001cce0020000

Marking Bits (Prev, Next): (CMBitMap*) 0x000001cccb8bc0b8, (CMBitMap*) 0x000001cccb8bc0f0
 Prev Bits: [0x000001cce0c20000, 0x000001cce2c20000)
 Next Bits: [0x000001cce2c20000, 0x000001cce4c20000)

Polling page: 0x000001cccb960000

Metaspace:

Usage:
  Non-class:     50.19 MB capacity,    49.43 MB ( 98%) used,   664.06 KB (  1%) free+waste,   119.75 KB ( <1%) overhead. 
      Class:      7.29 MB capacity,     6.92 MB ( 95%) used,   326.51 KB (  4%) free+waste,    54.81 KB ( <1%) overhead. 
       Both:     57.48 MB capacity,    56.34 MB ( 98%) used,   990.57 KB (  2%) free+waste,   174.56 KB ( <1%) overhead. 

Virtual space:
  Non-class space:       52.00 MB reserved,      50.25 MB ( 97%) committed 
      Class space:        1.00 GB reserved,       7.38 MB ( <1%) committed 
             Both:        1.05 GB reserved,      57.63 MB (  5%) committed 

Chunk freelists:
   Non-Class:  58.00 KB
       Class:  0 bytes
        Both:  58.00 KB

MaxMetaspaceSize: 17179869184.00 GB
CompressedClassSpaceSize: 1.00 GB

CodeHeap 'non-profiled nmethods': size=120064Kb used=4183Kb max_used=4183Kb free=115880Kb
 bounds [0x000001ccd84b0000, 0x000001ccd88d0000, 0x000001ccdf9f0000]
CodeHeap 'profiled nmethods': size=120000Kb used=14569Kb max_used=14569Kb free=105430Kb
 bounds [0x000001ccd0f80000, 0x000001ccd1dc0000, 0x000001ccd84b0000]
CodeHeap 'non-nmethods': size=5696Kb used=2262Kb max_used=2317Kb free=3433Kb
 bounds [0x000001ccd09f0000, 0x000001ccd0c60000, 0x000001ccd0f80000]
 total_blobs=7383 nmethods=6527 adapters=767
 compilation: enabled
              stopped_count=0, restarted_count=0
 full_count=0

Compilation events (20 events):
Event: 60.041 Thread 0x000001cce7281000 6806       2       org.objectweb.asm.MethodWriter::visitFieldInsn (258 bytes)
Event: 60.042 Thread 0x000001cce7281000 nmethod 6806 0x000001ccd1db4490 code [0x000001ccd1db46a0, 0x000001ccd1db4b88]
Event: 60.042 Thread 0x000001cce7281000 6807       2       org.objectweb.asm.MethodVisitor::visitFieldInsn (20 bytes)
Event: 60.042 Thread 0x000001cce7281000 nmethod 6807 0x000001ccd1db4f10 code [0x000001ccd1db50c0, 0x000001ccd1db51e8]
Event: 60.050 Thread 0x000001cce7281000 6808       2       org.objectweb.asm.AnnotationWriter::computeAnnotationsSize (66 bytes)
Event: 60.051 Thread 0x000001cce7281000 nmethod 6808 0x000001ccd1db5290 code [0x000001ccd1db5480, 0x000001ccd1db5678]
Event: 60.051 Thread 0x000001cce7281000 6809       2       org.objectweb.asm.MethodWriter::putMethodInfo (1274 bytes)
Event: 60.055 Thread 0x000001cce7281000 nmethod 6809 0x000001ccd1db5810 code [0x000001ccd1db5d80, 0x000001ccd1db7248]
Event: 60.055 Thread 0x000001cce7281000 6810       2       org.objectweb.asm.AnnotationWriter::putAnnotations (67 bytes)
Event: 60.055 Thread 0x000001cce7281000 nmethod 6810 0x000001ccd1db8510 code [0x000001ccd1db8720, 0x000001ccd1db89d8]
Event: 60.065 Thread 0x000001cce7281000 6811       2       org.objectweb.asm.ClassReader::readByte (11 bytes)
Event: 60.066 Thread 0x000001cce7281000 nmethod 6811 0x000001ccd1db8c90 code [0x000001ccd1db8e40, 0x000001ccd1db8f78]
Event: 60.068 Thread 0x000001cce7281000 6812       2       org.objectweb.asm.ClassReader::readTypeAnnotationTarget (596 bytes)
Event: 60.069 Thread 0x000001cce7281000 nmethod 6812 0x000001ccd1db9090 code [0x000001ccd1db9300, 0x000001ccd1dba258]
Event: 60.069 Thread 0x000001cce7281000 6813       2       org.objectweb.asm.AnnotationWriter::create (50 bytes)
Event: 60.070 Thread 0x000001cce7281000 nmethod 6813 0x000001ccd1dbaa90 code [0x000001ccd1dbaca0, 0x000001ccd1dbb058]
Event: 60.144 Thread 0x000001cce7281000 6814       2       org.objectweb.asm.MethodVisitor::visitTypeAnnotation (41 bytes)
Event: 60.144 Thread 0x000001cce7281000 nmethod 6814 0x000001ccd1dbb290 code [0x000001ccd1dbb460, 0x000001ccd1dbb678]
Event: 60.144 Thread 0x000001cce7281000 6815       2       org.objectweb.asm.MethodWriter::visitTypeAnnotation (45 bytes)
Event: 60.145 Thread 0x000001cce7281000 nmethod 6815 0x000001ccd1dbb790 code [0x000001ccd1dbb960, 0x000001ccd1dbbb98]

GC Heap History (20 events):
Event: 2.128 GC heap before
{Heap before GC invocations=2 (full 0):
 garbage-first heap   total 131072K, used 36250K [0x0000000080000000, 0x0000000100000000)
  region size 1024K, 28 young (28672K), 1 survivors (1024K)
 Metaspace       used 10621K, capacity 10821K, committed 11008K, reserved 1058816K
  class space    used 1101K, capacity 1164K, committed 1280K, reserved 1048576K
}
Event: 2.132 GC heap after
{Heap after GC invocations=3 (full 0):
 garbage-first heap   total 131072K, used 12462K [0x0000000080000000, 0x0000000100000000)
  region size 1024K, 4 young (4096K), 4 survivors (4096K)
 Metaspace       used 10621K, capacity 10821K, committed 11008K, reserved 1058816K
  class space    used 1101K, capacity 1164K, committed 1280K, reserved 1048576K
}
Event: 4.981 GC heap before
{Heap before GC invocations=3 (full 0):
 garbage-first heap   total 131072K, used 53422K [0x0000000080000000, 0x0000000100000000)
  region size 1024K, 44 young (45056K), 4 survivors (4096K)
 Metaspace       used 18608K, capacity 18971K, committed 19072K, reserved 1067008K
  class space    used 2238K, capacity 2360K, committed 2432K, reserved 1048576K
}
Event: 5.011 GC heap after
{Heap after GC invocations=4 (full 0):
 garbage-first heap   total 131072K, used 15814K [0x0000000080000000, 0x0000000100000000)
  region size 1024K, 4 young (4096K), 4 survivors (4096K)
 Metaspace       used 18608K, capacity 18971K, committed 19072K, reserved 1067008K
  class space    used 2238K, capacity 2360K, committed 2432K, reserved 1048576K
}
Event: 5.773 GC heap before
{Heap before GC invocations=4 (full 0):
 garbage-first heap   total 131072K, used 31174K [0x0000000080000000, 0x0000000100000000)
  region size 1024K, 20 young (20480K), 4 survivors (4096K)
 Metaspace       used 20637K, capacity 21093K, committed 21248K, reserved 1067008K
  class space    used 2532K, capacity 2710K, committed 2816K, reserved 1048576K
}
Event: 5.786 GC heap after
{Heap after GC invocations=5 (full 0):
 garbage-first heap   total 131072K, used 16305K [0x0000000080000000, 0x0000000100000000)
  region size 1024K, 4 young (4096K), 4 survivors (4096K)
 Metaspace       used 20637K, capacity 21093K, committed 21248K, reserved 1067008K
  class space    used 2532K, capacity 2710K, committed 2816K, reserved 1048576K
}
Event: 8.141 GC heap before
{Heap before GC invocations=6 (full 0):
 garbage-first heap   total 131072K, used 69553K [0x0000000080000000, 0x0000000100000000)
  region size 1024K, 57 young (58368K), 4 survivors (4096K)
 Metaspace       used 26587K, capacity 27222K, committed 27392K, reserved 1073152K
  class space    used 3490K, capacity 3715K, committed 3840K, reserved 1048576K
}
Event: 8.150 GC heap after
{Heap after GC invocations=7 (full 0):
 garbage-first heap   total 131072K, used 18355K [0x0000000080000000, 0x0000000100000000)
  region size 1024K, 6 young (6144K), 6 survivors (6144K)
 Metaspace       used 26587K, capacity 27222K, committed 27392K, reserved 1073152K
  class space    used 3490K, capacity 3715K, committed 3840K, reserved 1048576K
}
Event: 9.999 GC heap before
{Heap before GC invocations=7 (full 0):
 garbage-first heap   total 131072K, used 61363K [0x0000000080000000, 0x0000000100000000)
  region size 1024K, 50 young (51200K), 6 survivors (6144K)
 Metaspace       used 35117K, capacity 35793K, committed 35840K, reserved 1081344K
  class space    used 4565K, capacity 4826K, committed 4864K, reserved 1048576K
}
Event: 10.014 GC heap after
{Heap after GC invocations=8 (full 0):
 garbage-first heap   total 131072K, used 21286K [0x0000000080000000, 0x0000000100000000)
  region size 1024K, 6 young (6144K), 6 survivors (6144K)
 Metaspace       used 35117K, capacity 35793K, committed 35840K, reserved 1081344K
  class space    used 4565K, capacity 4826K, committed 4864K, reserved 1048576K
}
Event: 12.435 GC heap before
{Heap before GC invocations=9 (full 0):
 garbage-first heap   total 131072K, used 86822K [0x0000000080000000, 0x0000000100000000)
  region size 1024K, 67 young (68608K), 6 survivors (6144K)
 Metaspace       used 43348K, capacity 44135K, committed 44416K, reserved 1087488K
  class space    used 5408K, capacity 5697K, committed 5760K, reserved 1048576K
}
Event: 12.455 GC heap after
{Heap after GC invocations=10 (full 0):
 garbage-first heap   total 200704K, used 26061K [0x0000000080000000, 0x0000000100000000)
  region size 1024K, 8 young (8192K), 8 survivors (8192K)
 Metaspace       used 43348K, capacity 44135K, committed 44416K, reserved 1087488K
  class space    used 5408K, capacity 5697K, committed 5760K, reserved 1048576K
}
Event: 17.129 GC heap before
{Heap before GC invocations=10 (full 0):
 garbage-first heap   total 200704K, used 110029K [0x0000000080000000, 0x0000000100000000)
  region size 1024K, 90 young (92160K), 8 survivors (8192K)
 Metaspace       used 55426K, capacity 56452K, committed 56576K, reserved 1097728K
  class space    used 6951K, capacity 7311K, committed 7424K, reserved 1048576K
}
Event: 17.148 GC heap after
{Heap after GC invocations=11 (full 0):
 garbage-first heap   total 200704K, used 32459K [0x0000000080000000, 0x0000000100000000)
  region size 1024K, 11 young (11264K), 11 survivors (11264K)
 Metaspace       used 55426K, capacity 56452K, committed 56576K, reserved 1097728K
  class space    used 6951K, capacity 7311K, committed 7424K, reserved 1048576K
}
Event: 40.958 GC heap before
{Heap before GC invocations=11 (full 0):
 garbage-first heap   total 200704K, used 126667K [0x0000000080000000, 0x0000000100000000)
  region size 1024K, 104 young (106496K), 11 survivors (11264K)
 Metaspace       used 57230K, capacity 58331K, committed 58496K, reserved 1099776K
  class space    used 7064K, capacity 7458K, committed 7552K, reserved 1048576K
}
Event: 40.990 GC heap after
{Heap after GC invocations=12 (full 0):
 garbage-first heap   total 200704K, used 34434K [0x0000000080000000, 0x0000000100000000)
  region size 1024K, 8 young (8192K), 8 survivors (8192K)
 Metaspace       used 57230K, capacity 58331K, committed 58496K, reserved 1099776K
  class space    used 7064K, capacity 7458K, committed 7552K, reserved 1048576K
}
Event: 57.392 GC heap before
{Heap before GC invocations=12 (full 0):
 garbage-first heap   total 200704K, used 145026K [0x0000000080000000, 0x0000000100000000)
  region size 1024K, 116 young (118784K), 8 survivors (8192K)
 Metaspace       used 57496K, capacity 58603K, committed 58752K, reserved 1099776K
  class space    used 7077K, capacity 7463K, committed 7552K, reserved 1048576K
}
Event: 57.407 GC heap after
{Heap after GC invocations=13 (full 0):
 garbage-first heap   total 200704K, used 37336K [0x0000000080000000, 0x0000000100000000)
  region size 1024K, 10 young (10240K), 10 survivors (10240K)
 Metaspace       used 57496K, capacity 58603K, committed 58752K, reserved 1099776K
  class space    used 7077K, capacity 7463K, committed 7552K, reserved 1048576K
}
Event: 58.800 GC heap before
{Heap before GC invocations=13 (full 0):
 garbage-first heap   total 200704K, used 145880K [0x0000000080000000, 0x0000000100000000)
  region size 1024K, 117 young (119808K), 10 survivors (10240K)
 Metaspace       used 57669K, capacity 58797K, committed 59008K, reserved 1101824K
  class space    used 7079K, capacity 7463K, committed 7552K, reserved 1048576K
}
Event: 58.814 GC heap after
{Heap after GC invocations=14 (full 0):
 garbage-first heap   total 200704K, used 42732K [0x0000000080000000, 0x0000000100000000)
  region size 1024K, 10 young (10240K), 10 survivors (10240K)
 Metaspace       used 57669K, capacity 58797K, committed 59008K, reserved 1101824K
  class space    used 7079K, capacity 7463K, committed 7552K, reserved 1048576K
}

Deoptimization events (20 events):
Event: 60.039 Thread 0x000001ccec25e800 DEOPT PACKING pc=0x000001ccd88b47d8 sp=0x0000003f5c8fe240
Event: 60.039 Thread 0x000001ccec25e800 DEOPT UNPACKING pc=0x000001ccd0a174af sp=0x0000003f5c8fe140 mode 2
Event: 60.039 Thread 0x000001ccec25e800 Uncommon trap: trap_request=0xffffff4d fr.pc=0x000001ccd88ad5c4 relative=0x00000000000003c4
Event: 60.039 Thread 0x000001ccec25e800 Uncommon trap: reason=unstable_if action=reinterpret pc=0x000001ccd88ad5c4 method=org.objectweb.asm.MethodWriter.visitFieldInsn(ILjava/lang/String;Ljava/lang/String;Ljava/lang/String;)V @ 216 c2
Event: 60.039 Thread 0x000001ccec25e800 DEOPT PACKING pc=0x000001ccd88ad5c4 sp=0x0000003f5c8fe190
Event: 60.039 Thread 0x000001ccec25e800 DEOPT UNPACKING pc=0x000001ccd0a174af sp=0x0000003f5c8fe138 mode 2
Event: 60.049 Thread 0x000001ccec25e800 Uncommon trap: trap_request=0xffffff4d fr.pc=0x000001ccd88a1d80 relative=0x0000000000000140
Event: 60.049 Thread 0x000001ccec25e800 Uncommon trap: reason=unstable_if action=reinterpret pc=0x000001ccd88a1d80 method=org.objectweb.asm.AnnotationWriter.computeAnnotationsSize(Lorg/objectweb/asm/AnnotationWriter;Lorg/objectweb/asm/AnnotationWriter;Lorg/objectweb/asm/AnnotationWriter;Lorg/ob
Event: 60.049 Thread 0x000001ccec25e800 DEOPT PACKING pc=0x000001ccd88a1d80 sp=0x0000003f5c8fe770
Event: 60.049 Thread 0x000001ccec25e800 DEOPT UNPACKING pc=0x000001ccd0a174af sp=0x0000003f5c8fe6f8 mode 2
Event: 60.049 Thread 0x000001ccec25e800 Uncommon trap: trap_request=0xffffff4d fr.pc=0x000001ccd88a7b44 relative=0x0000000000002be4
Event: 60.049 Thread 0x000001ccec25e800 Uncommon trap: reason=unstable_if action=reinterpret pc=0x000001ccd88a7b44 method=org.objectweb.asm.MethodWriter.putMethodInfo(Lorg/objectweb/asm/ByteVector;)V @ 200 c2
Event: 60.049 Thread 0x000001ccec25e800 DEOPT PACKING pc=0x000001ccd88a7b44 sp=0x0000003f5c8fe7f0
Event: 60.049 Thread 0x000001ccec25e800 DEOPT UNPACKING pc=0x000001ccd0a174af sp=0x0000003f5c8fe7b8 mode 2
Event: 60.049 Thread 0x000001ccec25e800 Uncommon trap: trap_request=0xffffff4d fr.pc=0x000001ccd8869ec4 relative=0x00000000000008e4
Event: 60.049 Thread 0x000001ccec25e800 Uncommon trap: reason=unstable_if action=reinterpret pc=0x000001ccd8869ec4 method=org.objectweb.asm.AnnotationWriter.putAnnotations(Lorg/objectweb/asm/SymbolTable;Lorg/objectweb/asm/AnnotationWriter;Lorg/objectweb/asm/AnnotationWriter;Lorg/objectweb/asm/A
Event: 60.049 Thread 0x000001ccec25e800 DEOPT PACKING pc=0x000001ccd8869ec4 sp=0x0000003f5c8fe710
Event: 60.049 Thread 0x000001ccec25e800 DEOPT UNPACKING pc=0x000001ccd0a174af sp=0x0000003f5c8fe720 mode 2
Event: 60.069 Thread 0x000001ccec25e800 DEOPT PACKING pc=0x000001ccd1d6df00 sp=0x0000003f5c8fe2a0
Event: 60.069 Thread 0x000001ccec25e800 DEOPT UNPACKING pc=0x000001ccd0a172ce sp=0x0000003f5c8fd910 mode 0

Classes redefined (0 events):
No events

Internal exceptions (20 events):
Event: 24.862 Thread 0x000001ccec259000 Exception <a 'java/net/SocketTimeoutException'{0x000000008a6fb238}: Read timed out> (0x000000008a6fb238) thrown at [./src/hotspot/share/prims/jni.cpp, line 636]
Event: 24.879 Thread 0x000001ccec259800 Exception <a 'java/net/SocketTimeoutException'{0x000000008a44a5b0}: Read timed out> (0x000000008a44a5b0) thrown at [./src/hotspot/share/prims/jni.cpp, line 636]
Event: 57.697 Thread 0x000001ccea434000 Exception <a 'sun/nio/fs/WindowsException'{0x000000008b5186d0}> (0x000000008b5186d0) thrown at [./src/hotspot/share/prims/jni.cpp, line 615]
Event: 57.731 Thread 0x000001ccea430000 Exception <a 'sun/nio/fs/WindowsException'{0x000000008b451008}> (0x000000008b451008) thrown at [./src/hotspot/share/prims/jni.cpp, line 615]
Event: 57.739 Thread 0x000001ccea434000 Exception <a 'sun/nio/fs/WindowsException'{0x000000008b5188a8}> (0x000000008b5188a8) thrown at [./src/hotspot/share/prims/jni.cpp, line 615]
Event: 57.773 Thread 0x000001ccea430000 Exception <a 'sun/nio/fs/WindowsException'{0x000000008b2ea478}> (0x000000008b2ea478) thrown at [./src/hotspot/share/prims/jni.cpp, line 615]
Event: 57.815 Thread 0x000001ccea432000 Exception <a 'sun/nio/fs/WindowsException'{0x000000008a6cdf50}> (0x000000008a6cdf50) thrown at [./src/hotspot/share/prims/jni.cpp, line 615]
Event: 58.118 Thread 0x000001ccea432000 Exception <a 'sun/nio/fs/WindowsException'{0x000000008a6ce108}> (0x000000008a6ce108) thrown at [./src/hotspot/share/prims/jni.cpp, line 615]
Event: 58.202 Thread 0x000001ccea434800 Exception <a 'sun/nio/fs/WindowsException'{0x00000000891eb5d0}> (0x00000000891eb5d0) thrown at [./src/hotspot/share/prims/jni.cpp, line 615]
Event: 58.244 Thread 0x000001ccea42f000 Exception <a 'sun/nio/fs/WindowsException'{0x0000000088d16b30}> (0x0000000088d16b30) thrown at [./src/hotspot/share/prims/jni.cpp, line 615]
Event: 58.286 Thread 0x000001ccea434800 Exception <a 'sun/nio/fs/WindowsException'{0x00000000891eb7a8}> (0x00000000891eb7a8) thrown at [./src/hotspot/share/prims/jni.cpp, line 615]
Event: 58.303 Thread 0x000001ccea42f000 Exception <a 'sun/nio/fs/WindowsException'{0x0000000088d16cf8}> (0x0000000088d16cf8) thrown at [./src/hotspot/share/prims/jni.cpp, line 615]
Event: 58.317 Thread 0x000001ccf0257000 Exception <a 'sun/nio/fs/WindowsException'{0x0000000087c8afc0}> (0x0000000087c8afc0) thrown at [./src/hotspot/share/prims/jni.cpp, line 615]
Event: 58.319 Thread 0x000001ccea433000 Exception <a 'sun/nio/fs/WindowsException'{0x0000000087b6a630}> (0x0000000087b6a630) thrown at [./src/hotspot/share/prims/jni.cpp, line 615]
Event: 58.376 Thread 0x000001ccf0257000 Exception <a 'sun/nio/fs/WindowsException'{0x0000000087c8b1c0}> (0x0000000087c8b1c0) thrown at [./src/hotspot/share/prims/jni.cpp, line 615]
Event: 58.414 Thread 0x000001ccea433000 Exception <a 'sun/nio/fs/WindowsException'{0x0000000087b6a808}> (0x0000000087b6a808) thrown at [./src/hotspot/share/prims/jni.cpp, line 615]
Event: 58.736 Thread 0x000001ccf025d000 Exception <a 'sun/nio/fs/WindowsException'{0x0000000085930e60}> (0x0000000085930e60) thrown at [./src/hotspot/share/prims/jni.cpp, line 615]
Event: 58.741 Thread 0x000001ccf025d800 Exception <a 'sun/nio/fs/WindowsException'{0x00000000859af1e8}> (0x00000000859af1e8) thrown at [./src/hotspot/share/prims/jni.cpp, line 615]
Event: 58.837 Thread 0x000001ccf025d000 Exception <a 'sun/nio/fs/WindowsException'{0x000000008be00000}> (0x000000008be00000) thrown at [./src/hotspot/share/prims/jni.cpp, line 615]
Event: 58.838 Thread 0x000001ccf025d800 Exception <a 'sun/nio/fs/WindowsException'{0x000000008be00800}> (0x000000008be00800) thrown at [./src/hotspot/share/prims/jni.cpp, line 615]

Events (20 events):
Event: 57.713 Thread 0x000001ccea435800 Thread added: 0x000001ccea435800
Event: 57.714 Thread 0x000001ccea430800 Thread added: 0x000001ccea430800
Event: 57.725 Thread 0x000001ccf025b000 Thread added: 0x000001ccf025b000
Event: 57.726 Thread 0x000001ccf0256800 Thread added: 0x000001ccf0256800
Event: 57.728 Thread 0x000001ccf0259800 Thread added: 0x000001ccf0259800
Event: 57.729 Thread 0x000001ccf025c000 Thread added: 0x000001ccf025c000
Event: 57.762 Loaded shared library C:\Program Files\Android\Android Studio\jre\bin\zip.dll
Event: 57.943 Thread 0x000001ccf0257000 Thread added: 0x000001ccf0257000
Event: 58.346 Thread 0x000001ccf025d000 Thread added: 0x000001ccf025d000
Event: 58.481 Thread 0x000001ccf025d800 Thread added: 0x000001ccf025d800
Event: 58.800 Executing VM operation: G1CollectForAllocation
Event: 58.814 Executing VM operation: G1CollectForAllocation done
Event: 60.046 loading class org/objectweb/asm/TypeReference
Event: 60.046 loading class org/objectweb/asm/TypeReference done
Event: 60.046 Executing VM operation: RevokeBias
Event: 60.047 Executing VM operation: RevokeBias done
Event: 60.047 Executing VM operation: RevokeBias
Event: 60.047 Executing VM operation: RevokeBias done
Event: 60.048 loading class org/objectweb/asm/TypePath
Event: 60.048 loading class org/objectweb/asm/TypePath done


Dynamic libraries:
0x00007ff64c350000 - 0x00007ff64c35a000 	C:\Program Files\Android\Android Studio\jre\bin\java.exe
0x00007fff9f850000 - 0x00007fff9fa48000 	C:\Windows\SYSTEM32\ntdll.dll
0x00007fff9f430000 - 0x00007fff9f4ed000 	C:\Windows\System32\KERNEL32.DLL
0x00007fff9d540000 - 0x00007fff9d80e000 	C:\Windows\System32\KERNELBASE.dll
0x00007fff9d020000 - 0x00007fff9d120000 	C:\Windows\System32\ucrtbase.dll
0x00007fff91080000 - 0x00007fff91097000 	C:\Program Files\Android\Android Studio\jre\bin\VCRUNTIME140.dll
0x00007fff90ec0000 - 0x00007fff90ed9000 	C:\Program Files\Android\Android Studio\jre\bin\jli.dll
0x00007fff9e090000 - 0x00007fff9e230000 	C:\Windows\System32\USER32.dll
0x00007fff9d510000 - 0x00007fff9d532000 	C:\Windows\System32\win32u.dll
0x00007fff8a210000 - 0x00007fff8a4aa000 	C:\Windows\WinSxS\amd64_microsoft.windows.common-controls_6595b64144ccf1df_6.0.19041.1110_none_60b5254171f9507e\COMCTL32.dll
0x00007fff9e470000 - 0x00007fff9e50e000 	C:\Windows\System32\msvcrt.dll
0x00007fff9f5d0000 - 0x00007fff9f5fa000 	C:\Windows\System32\GDI32.dll
0x00007fff9d210000 - 0x00007fff9d31b000 	C:\Windows\System32\gdi32full.dll
0x00007fff9d170000 - 0x00007fff9d20d000 	C:\Windows\System32\msvcp_win.dll
0x00007fff9f500000 - 0x00007fff9f530000 	C:\Windows\System32\IMM32.DLL
0x00007fff78a80000 - 0x00007fff78b1d000 	C:\Program Files\Android\Android Studio\jre\bin\msvcp140.dll
0x00007fff3d9d0000 - 0x00007fff3e48c000 	C:\Program Files\Android\Android Studio\jre\bin\server\jvm.dll
0x00007fff9f280000 - 0x00007fff9f32e000 	C:\Windows\System32\ADVAPI32.dll
0x00007fff9f530000 - 0x00007fff9f5cc000 	C:\Windows\System32\sechost.dll
0x00007fff9f150000 - 0x00007fff9f275000 	C:\Windows\System32\RPCRT4.dll
0x00007fff9f4f0000 - 0x00007fff9f4f8000 	C:\Windows\System32\PSAPI.DLL
0x00007fff8bd20000 - 0x00007fff8bd29000 	C:\Windows\SYSTEM32\WSOCK32.dll
0x00007fff89bf0000 - 0x00007fff89c17000 	C:\Windows\SYSTEM32\WINMM.dll
0x00007fff9e990000 - 0x00007fff9e9fb000 	C:\Windows\System32\WS2_32.dll
0x00007fff96320000 - 0x00007fff9632a000 	C:\Windows\SYSTEM32\VERSION.dll
0x00007fff9b7c0000 - 0x00007fff9b7d2000 	C:\Windows\SYSTEM32\kernel.appcore.dll
0x00007fff86190000 - 0x00007fff861a1000 	C:\Program Files\Android\Android Studio\jre\bin\verify.dll
0x00007fff9b5b0000 - 0x00007fff9b794000 	C:\Windows\SYSTEM32\DBGHELP.DLL
0x00007fff90630000 - 0x00007fff9065c000 	C:\Windows\SYSTEM32\dbgcore.DLL
0x00007fff9d320000 - 0x00007fff9d3a2000 	C:\Windows\System32\bcryptPrimitives.dll
0x00007fff7a3e0000 - 0x00007fff7a409000 	C:\Program Files\Android\Android Studio\jre\bin\java.dll
0x00007fff8ae30000 - 0x00007fff8ae3b000 	C:\Program Files\Android\Android Studio\jre\bin\jimage.dll
0x00007fff83540000 - 0x00007fff83558000 	C:\Program Files\Android\Android Studio\jre\bin\zip.dll
0x00007fff9ea00000 - 0x00007fff9f144000 	C:\Windows\System32\SHELL32.dll
0x00007fff9acd0000 - 0x00007fff9b464000 	C:\Windows\SYSTEM32\windows.storage.dll
0x00007fff9db90000 - 0x00007fff9dee4000 	C:\Windows\System32\combase.dll
0x00007fff9c880000 - 0x00007fff9c8b0000 	C:\Windows\SYSTEM32\Wldp.dll
0x00007fff9e360000 - 0x00007fff9e40d000 	C:\Windows\System32\SHCORE.dll
0x00007fff9db30000 - 0x00007fff9db85000 	C:\Windows\System32\shlwapi.dll
0x00007fff9ceb0000 - 0x00007fff9cecf000 	C:\Windows\SYSTEM32\profapi.dll
0x00007fff83100000 - 0x00007fff8311a000 	C:\Program Files\Android\Android Studio\jre\bin\net.dll
0x00007fff91530000 - 0x00007fff9163a000 	C:\Windows\SYSTEM32\WINHTTP.dll
0x00007fff9c600000 - 0x00007fff9c66a000 	C:\Windows\system32\mswsock.dll
0x00007fff7a680000 - 0x00007fff7a694000 	C:\Program Files\Android\Android Studio\jre\bin\nio.dll
0x00007fff8aca0000 - 0x00007fff8acc7000 	C:\Users\iyi\.gradle\native\fdc75f09e3144964f2cf3f50f0aa648679c211496f362492102eb8c894070792\windows-amd64\native-platform.dll
0x00007fff63cf0000 - 0x00007fff63e86000 	C:\Users\iyi\.gradle\native\12488b8bf47d2d4c9fbf2f6322a914ad602e24e48041cd04a747c6da556b65c4\windows-amd64\native-platform-file-events.dll
0x00007fff86640000 - 0x00007fff8664a000 	C:\Program Files\Android\Android Studio\jre\bin\management.dll
0x00007fff86140000 - 0x00007fff8614c000 	C:\Program Files\Android\Android Studio\jre\bin\management_ext.dll
0x00007fff9c8c0000 - 0x00007fff9c8d8000 	C:\Windows\SYSTEM32\CRYPTSP.dll
0x00007fff9bfa0000 - 0x00007fff9bfd4000 	C:\Windows\system32\rsaenh.dll
0x00007fff9d810000 - 0x00007fff9d837000 	C:\Windows\System32\bcrypt.dll
0x00007fff9ce70000 - 0x00007fff9ce9e000 	C:\Windows\SYSTEM32\USERENV.dll
0x00007fff9c790000 - 0x00007fff9c79c000 	C:\Windows\SYSTEM32\CRYPTBASE.dll
0x00007fff9c310000 - 0x00007fff9c34b000 	C:\Windows\SYSTEM32\IPHLPAPI.DLL
0x00007fff9f420000 - 0x00007fff9f428000 	C:\Windows\System32\NSI.dll
0x00007fff944b0000 - 0x00007fff944c7000 	C:\Windows\SYSTEM32\dhcpcsvc6.DLL
0x00007fff95050000 - 0x00007fff9506d000 	C:\Windows\SYSTEM32\dhcpcsvc.DLL
0x00007fff9c350000 - 0x00007fff9c41a000 	C:\Windows\SYSTEM32\DNSAPI.dll
0x00007fff95d30000 - 0x00007fff95d3b000 	C:\Windows\SYSTEM32\WINNSI.DLL
0x00007fff78f30000 - 0x00007fff78f57000 	C:\Program Files\Android\Android Studio\jre\bin\sunec.dll
0x00007fff90620000 - 0x00007fff9062a000 	C:\Windows\System32\rasadhlp.dll
0x00007fff92290000 - 0x00007fff92310000 	C:\Windows\System32\fwpuclnt.dll

dbghelp: loaded successfully - version: 4.0.5 - missing functions: none
symbol engine: initialized successfully - sym options: 0x614 - pdb path: .;C:\Program Files\Android\Android Studio\jre\bin;C:\Windows\SYSTEM32;C:\Windows\WinSxS\amd64_microsoft.windows.common-controls_6595b64144ccf1df_6.0.19041.1110_none_60b5254171f9507e;C:\Program Files\Android\Android Studio\jre\bin\server;C:\Users\iyi\.gradle\native\fdc75f09e3144964f2cf3f50f0aa648679c211496f362492102eb8c894070792\windows-amd64;C:\Users\iyi\.gradle\native\12488b8bf47d2d4c9fbf2f6322a914ad602e24e48041cd04a747c6da556b65c4\windows-amd64

VM Arguments:
jvm_args: --add-opens=java.base/java.util=ALL-UNNAMED --add-opens=java.base/java.lang=ALL-UNNAMED --add-opens=java.base/java.lang.invoke=ALL-UNNAMED --add-opens=java.prefs/java.util.prefs=ALL-UNNAMED -Xmx2048m -Dfile.encoding=UTF-8 -Duser.country=US -Duser.language=en -Duser.variant 
java_command: org.gradle.launcher.daemon.bootstrap.GradleDaemon 6.7.1
java_class_path (initial): C:\Users\iyi\.gradle\wrapper\dists\gradle-6.7.1-bin\bwlcbys1h7rz3272sye1xwiv6\gradle-6.7.1\lib\gradle-launcher-6.7.1.jar
Launcher Type: SUN_STANDARD

[Global flags]
     intx CICompilerCount                          = 3                                         {product} {ergonomic}
     uint ConcGCThreads                            = 1                                         {product} {ergonomic}
     uint G1ConcRefinementThreads                  = 4                                         {product} {ergonomic}
   size_t G1HeapRegionSize                         = 1048576                                   {product} {ergonomic}
    uintx GCDrainStackTargetSize                   = 64                                        {product} {ergonomic}
   size_t InitialHeapSize                          = 134217728                                 {product} {ergonomic}
   size_t MarkStackSize                            = 4194304                                   {product} {ergonomic}
   size_t MaxHeapSize                              = 2147483648                                {product} {command line}
   size_t MaxNewSize                               = 1287651328                                {product} {ergonomic}
   size_t MinHeapDeltaBytes                        = 1048576                                   {product} {ergonomic}
    uintx NonNMethodCodeHeapSize                   = 5830732                                {pd product} {ergonomic}
    uintx NonProfiledCodeHeapSize                  = 122913754                              {pd product} {ergonomic}
    uintx ProfiledCodeHeapSize                     = 122913754                              {pd product} {ergonomic}
    uintx ReservedCodeCacheSize                    = 251658240                              {pd product} {ergonomic}
     bool SegmentedCodeCache                       = true                                      {product} {ergonomic}
     bool UseCompressedClassPointers               = true                                 {lp64_product} {ergonomic}
     bool UseCompressedOops                        = true                                 {lp64_product} {ergonomic}
     bool UseG1GC                                  = true                                      {product} {ergonomic}
     bool UseLargePagesIndividualAllocation        = false                                  {pd product} {ergonomic}

Logging:
Log output configuration:
 #0: stdout all=warning uptime,level,tags
 #1: stderr all=off uptime,level,tags

Environment Variables:
PATH=C:\Program Files (x86)\Microsoft SDKs\Azure\CLI2\wbin;C:\ProgramData\Oracle\Java\javapath;C:\Windows\system32;C:\Windows;C:\Windows\System32\Wbem;C:\Windows\System32\WindowsPowerShell\v1.0\;C:\Windows\System32\OpenSSH\;C:\Program Files (x86)\NVIDIA Corporation\PhysX\Common;C:\Program Files\NVIDIA Corporation\NVIDIA NvDLISR;C:\Program Files\PuTTY\;C:\Program Files\nodejs\;C:\Terraform;C:\Users\iyi\.amplify\bin;C:\Users\iyi\AppData\Local\Microsoft\WindowsApps;C:\Users\iyi\AppData\Roaming\npm;C:\Users\iyi\AppData\Local\Programs\Microsoft VS Code\bin;C:\adb;C:\Program Files\Git\cmd;C:\Program Files\Go\bin;C:\Program Files\Docker\Docker\resources\bin;C:\ProgramData\DockerDesktop\version-bin;C:\Users\iyi\.amplify\bin;C:\Users\iyi\AppData\Local\Programs\Python\Python310\Scripts\;C:\Users\iyi\AppData\Local\Programs\Python\Python310\;C:\Users\iyi\.amplify\bin;C:\Users\iyi\AppData\Local\Microsoft\WindowsApps;C:\Users\iyi\AppData\Roaming\npm;C:\Users\iyi\go\bin;C:\Users\iyi\AppData\Local\Programs\Microsoft VS Code\bin
USERNAME=iyi
OS=Windows_NT
PROCESSOR_IDENTIFIER=Intel64 Family 6 Model 78 Stepping 3, GenuineIntel



---------------  S Y S T E M  ---------------

OS: Windows 10 , 64 bit Build 19041 (10.0.19041.1889)
OS uptime: 0 days 5:59 hours
HyperV virtualization detected

CPU:total 4 (initial active 4) (2 cores per cpu, 2 threads per core) family 6 model 78 stepping 3, cmov, cx8, fxsr, mmx, sse, sse2, sse3, ssse3, sse4.1, sse4.2, popcnt, avx, avx2, aes, clmul, erms, 3dnowpref, lzcnt, ht, tsc, tscinvbit, bmi1, bmi2, adx, fma

Memory: 4k page, system-wide physical 8097M (966M free)
TotalPageFile size 8097M (AvailPageFile size 66M)
current process WorkingSet (physical memory assigned to process): 390M, peak: 440M
current process commit charge ("private bytes"): 444M, peak: 508M

vm_info: OpenJDK 64-Bit Server VM (11.0.8+10-b944.6842174) for windows-amd64 JRE (11.0.8+10-b944.6842174), built on Sep 19 2020 01:11:42 by "builder" with MS VC++ 14.0 (VS2015)

END.
