#
# There is insufficient memory for the Java Runtime Environment to continue.
# Native memory allocation (malloc) failed to allocate 1455856 bytes for Chunk::new
# Possible reasons:
#   The system is out of physical RAM or swap space
#   The process is running with CompressedOops enabled, and the Java Heap may be blocking the growth of the native heap
# Possible solutions:
#   Reduce memory load on the system
#   Increase physical memory or swap space
#   Check if swap backing store is full
#   Decrease Java heap size (-Xmx/-Xms)
#   Decrease number of Java threads
#   Decrease Java thread stack sizes (-Xss)
#   Set larger code cache with -XX:ReservedCodeCacheSize=
#   JVM is running with Unscaled Compressed Oops mode in which the Java heap is
#     placed in the first 4GB address space. The Java Heap base address is the
#     maximum limit for the native heap growth. Please use -XX:HeapBaseMinAddress
#     to set the Java Heap base and to place the Java Heap above 4GB virtual address.
# This output file may be truncated or incomplete.
#
#  Out of Memory Error (./src/hotspot/share/memory/arena.cpp:197), pid=8536, tid=4512
#
# JRE version: OpenJDK Runtime Environment (11.0.8+10) (build 11.0.8+10-b944.6842174)
# Java VM: OpenJDK 64-Bit Server VM (11.0.8+10-b944.6842174, mixed mode, tiered, compressed oops, g1 gc, windows-amd64)
# No core dump will be written. Minidumps are not enabled by default on client versions of Windows
#

---------------  S U M M A R Y ------------

Command Line: --add-opens=java.base/java.util=ALL-UNNAMED --add-opens=java.base/java.lang=ALL-UNNAMED --add-opens=java.base/java.lang.invoke=ALL-UNNAMED --add-opens=java.prefs/java.util.prefs=ALL-UNNAMED -Xmx2048m -Dfile.encoding=UTF-8 -Duser.country=US -Duser.language=en -Duser.variant org.gradle.launcher.daemon.bootstrap.GradleDaemon 6.7.1

Host: Intel(R) Core(TM) i5-6200U CPU @ 2.30GHz, 4 cores, 7G,  Windows 10 , 64 bit Build 19041 (10.0.19041.1889)
Time: Fri Aug 19 17:51:14 2022 India Standard Time elapsed time: 22 seconds (0d 0h 0m 22s)

---------------  T H R E A D  ---------------

Current thread (0x000001fc64f5b800):  JavaThread "C2 CompilerThread1" daemon [_thread_in_native, id=4512, stack(0x0000006346400000,0x0000006346500000)]


Current CompileTask:
C2:  22453 5005       4       org.objectweb.asm.ClassWriter::toByteArray (1513 bytes)

Stack: [0x0000006346400000,0x0000006346500000]
Native frames: (J=compiled Java code, j=interpreted, Vv=VM code, C=native code)
V  [jvm.dll+0x5de50a]
V  [jvm.dll+0x7122f5]
V  [jvm.dll+0x71384d]
V  [jvm.dll+0x713f03]
V  [jvm.dll+0x23e728]
V  [jvm.dll+0xb899c]
V  [jvm.dll+0xb8e9c]
V  [jvm.dll+0x35024d]
V  [jvm.dll+0x193cbc]
V  [jvm.dll+0x1f780e]
V  [jvm.dll+0x1f68d4]
V  [jvm.dll+0x17f32c]
V  [jvm.dll+0x205047]
V  [jvm.dll+0x203891]
V  [jvm.dll+0x6dad3f]
V  [jvm.dll+0x6d3895]
V  [jvm.dll+0x5dd4a6]
C  [ucrtbase.dll+0x21bb2]
C  [KERNEL32.DLL+0x17034]
C  [ntdll.dll+0x52651]


---------------  P R O C E S S  ---------------

Threads class SMR info:
_java_thread_list=0x000001fc60bc8670, length=154, elements={
0x000001fc3eada000, 0x000001fc5a48d000, 0x000001fc5a490000, 0x000001fc5ae22800,
0x000001fc5a4a6800, 0x000001fc5a4ab800, 0x000001fc5a4b5800, 0x000001fc5a4b9000,
0x000001fc5af4f000, 0x000001fc5af5a000, 0x000001fc5d51c000, 0x000001fc5d232800,
0x000001fc5ce9a000, 0x000001fc5b771800, 0x000001fc5c164000, 0x000001fc5c654800,
0x000001fc5d172000, 0x000001fc5d235000, 0x000001fc5d2e0800, 0x000001fc5cd3f800,
0x000001fc5cd34000, 0x000001fc5cd34800, 0x000001fc5cd33000, 0x000001fc5cd39800,
0x000001fc5cd36800, 0x000001fc5cd35800, 0x000001fc5cd37000, 0x000001fc5cd38000,
0x000001fc5cd39000, 0x000001fc5bba7000, 0x000001fc5bba8800, 0x000001fc5bba9000,
0x000001fc5bbaa000, 0x000001fc5bba6000, 0x000001fc5bbab000, 0x000001fc5bbac800,
0x000001fc609b3800, 0x000001fc609b0800, 0x000001fc609b2000, 0x000001fc609b1000,
0x000001fc609b3000, 0x000001fc609ae800, 0x000001fc609b4800, 0x000001fc609b5800,
0x000001fc609af800, 0x000001fc609ba000, 0x000001fc609b6000, 0x000001fc609bb000,
0x000001fc609bc000, 0x000001fc609b8800, 0x000001fc609bc800, 0x000001fc609b7000,
0x000001fc609b7800, 0x000001fc609bd800, 0x000001fc609b9800, 0x000001fc5cf86800,
0x000001fc5cf85000, 0x000001fc5cf88000, 0x000001fc5cf87800, 0x000001fc5cf82800,
0x000001fc5cf86000, 0x000001fc5cf84000, 0x000001fc5cf89000, 0x000001fc5cf83800,
0x000001fc5cf8f800, 0x000001fc5cf8e000, 0x000001fc5cf8a000, 0x000001fc5cf90800,
0x000001fc5cf8d000, 0x000001fc5cf8a800, 0x000001fc5cf91000, 0x000001fc5cf8b800,
0x000001fc5cf8f000, 0x000001fc5cf8c800, 0x000001fc5c3ef000, 0x000001fc5c3f0000,
0x000001fc5c3f1800, 0x000001fc5c3f2800, 0x000001fc5c3f3000, 0x000001fc5c3f4000,
0x000001fc5c3ee800, 0x000001fc5c3f5000, 0x000001fc5c3f5800, 0x000001fc5c3f6800,
0x000001fc5c3f0800, 0x000001fc5c3f8000, 0x000001fc5c3fb800, 0x000001fc5c3f9000,
0x000001fc5c3f9800, 0x000001fc5c3fd000, 0x000001fc5c3fa800, 0x000001fc5c3fc000,
0x000001fc5c3f7800, 0x000001fc64f5b800, 0x000001fc64502000, 0x000001fc64504000,
0x000001fc64506800, 0x000001fc64502800, 0x000001fc64506000, 0x000001fc64505000,
0x000001fc64501000, 0x000001fc64507800, 0x000001fc64508800, 0x000001fc64509000,
0x000001fc64503800, 0x000001fc6450f800, 0x000001fc6450b800, 0x000001fc6450e000,
0x000001fc6450f000, 0x000001fc6450c800, 0x000001fc6450a000, 0x000001fc6450a800,
0x000001fc6450d000, 0x000001fc670d8800, 0x000001fc670df000, 0x000001fc670dc800,
0x000001fc670d9000, 0x000001fc670da000, 0x000001fc670df800, 0x000001fc670e0800,
0x000001fc670de000, 0x000001fc670da800, 0x000001fc670e1800, 0x000001fc670db800,
0x000001fc670e6000, 0x000001fc670e7000, 0x000001fc670e5800, 0x000001fc670e3000,
0x000001fc670e2000, 0x000001fc670e3800, 0x000001fc670e4800, 0x000001fc66fa2000,
0x000001fc66f9f800, 0x000001fc66fa3800, 0x000001fc66fa0800, 0x000001fc66fa1800,
0x000001fc66fa3000, 0x000001fc66f9e000, 0x000001fc66fa4800, 0x000001fc66f9f000,
0x000001fc66faa000, 0x000001fc66fab000, 0x000001fc66fa7000, 0x000001fc66fa8000,
0x000001fc66fa5800, 0x000001fc66fa8800, 0x000001fc66fa9800, 0x000001fc66fac000,
0x000001fc66fa6000, 0x000001fc66fac800, 0x000001fc65785800, 0x000001fc65787000,
0x000001fc65783000, 0x000001fc65783800
}

Java Threads: ( => current thread )
  0x000001fc3eada000 JavaThread "main" [_thread_blocked, id=6588, stack(0x000000633fa00000,0x000000633fb00000)]
  0x000001fc5a48d000 JavaThread "Reference Handler" daemon [_thread_blocked, id=9032, stack(0x0000006340100000,0x0000006340200000)]
  0x000001fc5a490000 JavaThread "Finalizer" daemon [_thread_blocked, id=3388, stack(0x0000006340200000,0x0000006340300000)]
  0x000001fc5ae22800 JavaThread "Signal Dispatcher" daemon [_thread_blocked, id=11876, stack(0x0000006340400000,0x0000006340500000)]
  0x000001fc5a4a6800 JavaThread "Attach Listener" daemon [_thread_blocked, id=14396, stack(0x0000006340500000,0x0000006340600000)]
  0x000001fc5a4ab800 JavaThread "C2 CompilerThread0" daemon [_thread_in_native, id=7668, stack(0x0000006340600000,0x0000006340700000)]
  0x000001fc5a4b5800 JavaThread "C1 CompilerThread0" daemon [_thread_blocked, id=4000, stack(0x0000006340700000,0x0000006340800000)]
  0x000001fc5a4b9000 JavaThread "Sweeper thread" daemon [_thread_blocked, id=11784, stack(0x0000006340800000,0x0000006340900000)]
  0x000001fc5af4f000 JavaThread "Common-Cleaner" daemon [_thread_blocked, id=3612, stack(0x0000006340900000,0x0000006340a00000)]
  0x000001fc5af5a000 JavaThread "Service Thread" daemon [_thread_blocked, id=15332, stack(0x0000006340a00000,0x0000006340b00000)]
  0x000001fc5d51c000 JavaThread "Daemon health stats" [_thread_blocked, id=10288, stack(0x0000006340f00000,0x0000006341000000)]
  0x000001fc5d232800 JavaThread "Incoming local TCP Connector on port 51689" [_thread_in_native, id=1004, stack(0x0000006341100000,0x0000006341200000)]
  0x000001fc5ce9a000 JavaThread "Daemon periodic checks" [_thread_blocked, id=11824, stack(0x0000006341200000,0x0000006341300000)]
  0x000001fc5b771800 JavaThread "Daemon" [_thread_blocked, id=13076, stack(0x0000006341300000,0x0000006341400000)]
  0x000001fc5c164000 JavaThread "Handler for socket connection from /127.0.0.1:51689 to /127.0.0.1:51690" [_thread_in_native, id=11364, stack(0x0000006341400000,0x0000006341500000)]
  0x000001fc5c654800 JavaThread "Cancel handler" [_thread_blocked, id=11268, stack(0x0000006341500000,0x0000006341600000)]
  0x000001fc5d172000 JavaThread "Daemon worker" [_thread_in_vm, id=13504, stack(0x0000006341600000,0x0000006341700000)]
  0x000001fc5d235000 JavaThread "Asynchronous log dispatcher for DefaultDaemonConnection: socket connection from /127.0.0.1:51689 to /127.0.0.1:51690" [_thread_blocked, id=4836, stack(0x0000006341700000,0x0000006341800000)]
  0x000001fc5d2e0800 JavaThread "Stdin handler" [_thread_blocked, id=9732, stack(0x0000006341800000,0x0000006341900000)]
  0x000001fc5cd3f800 JavaThread "Thread-8" [_thread_blocked, id=9060, stack(0x0000006341900000,0x0000006341a00000)]
  0x000001fc5cd34000 JavaThread "Cache worker for file hash cache (C:\Users\iyi\.gradle\caches\6.7.1\fileHashes)" [_thread_blocked, id=14516, stack(0x0000006341b00000,0x0000006341c00000)]
  0x000001fc5cd34800 JavaThread "File lock request listener" [_thread_in_native, id=13160, stack(0x0000006341c00000,0x0000006341d00000)]
  0x000001fc5cd33000 JavaThread "Cache worker for journal cache (C:\Users\iyi\.gradle\caches\journal-1)" [_thread_blocked, id=14892, stack(0x0000006341d00000,0x0000006341e00000)]
  0x000001fc5cd39800 JavaThread "Cache worker for file hash cache (C:\Users\iyi\AndroidStudioProjects\WFM_Traffic\.gradle\6.7.1\fileHashes)" [_thread_blocked, id=3024, stack(0x0000006341e00000,0x0000006341f00000)]
  0x000001fc5cd36800 JavaThread "Cache worker for checksums cache (C:\Users\iyi\AndroidStudioProjects\WFM_Traffic\.gradle\checksums)" [_thread_blocked, id=14776, stack(0x0000006341f00000,0x0000006342000000)]
  0x000001fc5cd35800 JavaThread "Cache worker for cache directory md-supplier (C:\Users\iyi\.gradle\caches\6.7.1\md-supplier)" [_thread_blocked, id=14072, stack(0x0000006342000000,0x0000006342100000)]
  0x000001fc5cd37000 JavaThread "Cache worker for cache directory md-rule (C:\Users\iyi\.gradle\caches\6.7.1\md-rule)" [_thread_blocked, id=1160, stack(0x0000006342200000,0x0000006342300000)]
  0x000001fc5cd38000 JavaThread "Cache worker for execution history cache (C:\Users\iyi\.gradle\caches\6.7.1\executionHistory)" [_thread_blocked, id=8928, stack(0x0000006342300000,0x0000006342400000)]
  0x000001fc5cd39000 JavaThread "jar transforms" [_thread_blocked, id=12732, stack(0x0000006342400000,0x0000006342500000)]
  0x000001fc5bba7000 JavaThread "Cache worker for file content cache (C:\Users\iyi\.gradle\caches\6.7.1\fileContent)" [_thread_blocked, id=10540, stack(0x0000006342500000,0x0000006342600000)]
  0x000001fc5bba8800 JavaThread "Cache worker for Build Output Cleanup Cache (C:\Users\iyi\AndroidStudioProjects\WFM_Traffic\.gradle\buildOutputCleanup)" [_thread_blocked, id=12640, stack(0x0000006342600000,0x0000006342700000)]
  0x000001fc5bba9000 JavaThread "Build operations" [_thread_blocked, id=9876, stack(0x0000006342100000,0x0000006342200000)]
  0x000001fc5bbaa000 JavaThread "Build operations Thread 2" [_thread_blocked, id=8520, stack(0x0000006342700000,0x0000006342800000)]
  0x000001fc5bba6000 JavaThread "Build operations Thread 3" [_thread_blocked, id=5876, stack(0x0000006342800000,0x0000006342900000)]
  0x000001fc5bbab000 JavaThread "Build operations Thread 4" [_thread_blocked, id=13284, stack(0x0000006342900000,0x0000006342a00000)]
  0x000001fc5bbac800 JavaThread "jar transforms Thread 2" [_thread_blocked, id=12596, stack(0x0000006342a00000,0x0000006342b00000)]
  0x000001fc609b3800 JavaThread "jar transforms Thread 3" [_thread_blocked, id=15136, stack(0x0000006342b00000,0x0000006342c00000)]
  0x000001fc609b0800 JavaThread "jar transforms Thread 4" [_thread_blocked, id=8980, stack(0x0000006342c00000,0x0000006342d00000)]
  0x000001fc609b2000 JavaThread "jar transforms Thread 5" [_thread_blocked, id=6920, stack(0x0000006342d00000,0x0000006342e00000)]
  0x000001fc609b1000 JavaThread "jar transforms Thread 6" [_thread_blocked, id=5148, stack(0x0000006342e00000,0x0000006342f00000)]
  0x000001fc609b3000 JavaThread "jar transforms Thread 7" [_thread_blocked, id=2828, stack(0x0000006342f00000,0x0000006343000000)]
  0x000001fc609ae800 JavaThread "jar transforms Thread 8" [_thread_blocked, id=12844, stack(0x0000006343000000,0x0000006343100000)]
  0x000001fc609b4800 JavaThread "jar transforms Thread 9" [_thread_blocked, id=9572, stack(0x0000006343100000,0x0000006343200000)]
  0x000001fc609b5800 JavaThread "jar transforms Thread 10" [_thread_blocked, id=7128, stack(0x0000006343200000,0x0000006343300000)]
  0x000001fc609af800 JavaThread "jar transforms Thread 11" [_thread_blocked, id=6424, stack(0x0000006343300000,0x0000006343400000)]
  0x000001fc609ba000 JavaThread "jar transforms Thread 12" [_thread_blocked, id=14468, stack(0x0000006343400000,0x0000006343500000)]
  0x000001fc609b6000 JavaThread "jar transforms Thread 13" [_thread_blocked, id=5844, stack(0x0000006343500000,0x0000006343600000)]
  0x000001fc609bb000 JavaThread "jar transforms Thread 14" [_thread_blocked, id=15328, stack(0x0000006343600000,0x0000006343700000)]
  0x000001fc609bc000 JavaThread "jar transforms Thread 15" [_thread_blocked, id=9504, stack(0x0000006343700000,0x0000006343800000)]
  0x000001fc609b8800 JavaThread "jar transforms Thread 16" [_thread_blocked, id=13136, stack(0x0000006343800000,0x0000006343900000)]
  0x000001fc609bc800 JavaThread "jar transforms Thread 17" [_thread_blocked, id=4732, stack(0x0000006343900000,0x0000006343a00000)]
  0x000001fc609b7000 JavaThread "jar transforms Thread 18" [_thread_blocked, id=8696, stack(0x0000006343a00000,0x0000006343b00000)]
  0x000001fc609b7800 JavaThread "jar transforms Thread 19" [_thread_blocked, id=4356, stack(0x0000006343b00000,0x0000006343c00000)]
  0x000001fc609bd800 JavaThread "jar transforms Thread 20" [_thread_blocked, id=2108, stack(0x0000006343c00000,0x0000006343d00000)]
  0x000001fc609b9800 JavaThread "jar transforms Thread 21" [_thread_blocked, id=5604, stack(0x0000006343d00000,0x0000006343e00000)]
  0x000001fc5cf86800 JavaThread "jar transforms Thread 22" [_thread_blocked, id=6064, stack(0x0000006343e00000,0x0000006343f00000)]
  0x000001fc5cf85000 JavaThread "jar transforms Thread 23" [_thread_blocked, id=14416, stack(0x0000006343f00000,0x0000006344000000)]
  0x000001fc5cf88000 JavaThread "jar transforms Thread 24" [_thread_blocked, id=372, stack(0x0000006344000000,0x0000006344100000)]
  0x000001fc5cf87800 JavaThread "jar transforms Thread 25" [_thread_blocked, id=10376, stack(0x0000006344100000,0x0000006344200000)]
  0x000001fc5cf82800 JavaThread "jar transforms Thread 26" [_thread_blocked, id=7756, stack(0x0000006344200000,0x0000006344300000)]
  0x000001fc5cf86000 JavaThread "jar transforms Thread 27" [_thread_blocked, id=8488, stack(0x0000006344300000,0x0000006344400000)]
  0x000001fc5cf84000 JavaThread "jar transforms Thread 28" [_thread_blocked, id=14104, stack(0x0000006344400000,0x0000006344500000)]
  0x000001fc5cf89000 JavaThread "jar transforms Thread 29" [_thread_blocked, id=14808, stack(0x0000006344500000,0x0000006344600000)]
  0x000001fc5cf83800 JavaThread "jar transforms Thread 30" [_thread_blocked, id=13372, stack(0x0000006344600000,0x0000006344700000)]
  0x000001fc5cf8f800 JavaThread "jar transforms Thread 31" [_thread_blocked, id=13296, stack(0x0000006344700000,0x0000006344800000)]
  0x000001fc5cf8e000 JavaThread "jar transforms Thread 32" [_thread_blocked, id=2588, stack(0x0000006344800000,0x0000006344900000)]
  0x000001fc5cf8a000 JavaThread "jar transforms Thread 33" [_thread_blocked, id=9500, stack(0x0000006344900000,0x0000006344a00000)]
  0x000001fc5cf90800 JavaThread "jar transforms Thread 34" [_thread_blocked, id=3068, stack(0x0000006344a00000,0x0000006344b00000)]
  0x000001fc5cf8d000 JavaThread "jar transforms Thread 35" [_thread_blocked, id=6896, stack(0x0000006344b00000,0x0000006344c00000)]
  0x000001fc5cf8a800 JavaThread "jar transforms Thread 36" [_thread_blocked, id=1480, stack(0x0000006344c00000,0x0000006344d00000)]
  0x000001fc5cf91000 JavaThread "jar transforms Thread 37" [_thread_blocked, id=1368, stack(0x0000006344d00000,0x0000006344e00000)]
  0x000001fc5cf8b800 JavaThread "jar transforms Thread 38" [_thread_blocked, id=13560, stack(0x0000006344e00000,0x0000006344f00000)]
  0x000001fc5cf8f000 JavaThread "jar transforms Thread 39" [_thread_blocked, id=14420, stack(0x0000006344f00000,0x0000006345000000)]
  0x000001fc5cf8c800 JavaThread "jar transforms Thread 40" [_thread_blocked, id=13180, stack(0x0000006345000000,0x0000006345100000)]
  0x000001fc5c3ef000 JavaThread "jar transforms Thread 41" [_thread_blocked, id=11848, stack(0x0000006345100000,0x0000006345200000)]
  0x000001fc5c3f0000 JavaThread "jar transforms Thread 42" [_thread_blocked, id=14708, stack(0x0000006345200000,0x0000006345300000)]
  0x000001fc5c3f1800 JavaThread "jar transforms Thread 43" [_thread_blocked, id=13932, stack(0x0000006345300000,0x0000006345400000)]
  0x000001fc5c3f2800 JavaThread "jar transforms Thread 44" [_thread_blocked, id=2312, stack(0x0000006345400000,0x0000006345500000)]
  0x000001fc5c3f3000 JavaThread "jar transforms Thread 45" [_thread_blocked, id=3732, stack(0x0000006345500000,0x0000006345600000)]
  0x000001fc5c3f4000 JavaThread "jar transforms Thread 46" [_thread_blocked, id=6368, stack(0x0000006345600000,0x0000006345700000)]
  0x000001fc5c3ee800 JavaThread "jar transforms Thread 47" [_thread_blocked, id=1764, stack(0x0000006345700000,0x0000006345800000)]
  0x000001fc5c3f5000 JavaThread "jar transforms Thread 48" [_thread_blocked, id=4520, stack(0x0000006345800000,0x0000006345900000)]
  0x000001fc5c3f5800 JavaThread "jar transforms Thread 49" [_thread_blocked, id=13960, stack(0x0000006345900000,0x0000006345a00000)]
  0x000001fc5c3f6800 JavaThread "jar transforms Thread 50" [_thread_blocked, id=8992, stack(0x0000006345a00000,0x0000006345b00000)]
  0x000001fc5c3f0800 JavaThread "jar transforms Thread 51" [_thread_blocked, id=11348, stack(0x0000006345b00000,0x0000006345c00000)]
  0x000001fc5c3f8000 JavaThread "jar transforms Thread 52" [_thread_blocked, id=13060, stack(0x0000006345c00000,0x0000006345d00000)]
  0x000001fc5c3fb800 JavaThread "jar transforms Thread 53" [_thread_blocked, id=12512, stack(0x0000006345d00000,0x0000006345e00000)]
  0x000001fc5c3f9000 JavaThread "jar transforms Thread 54" [_thread_blocked, id=14208, stack(0x0000006345e00000,0x0000006345f00000)]
  0x000001fc5c3f9800 JavaThread "jar transforms Thread 55" [_thread_blocked, id=9696, stack(0x0000006345f00000,0x0000006346000000)]
  0x000001fc5c3fd000 JavaThread "jar transforms Thread 56" [_thread_blocked, id=8744, stack(0x0000006346000000,0x0000006346100000)]
  0x000001fc5c3fa800 JavaThread "jar transforms Thread 57" [_thread_blocked, id=7676, stack(0x0000006346100000,0x0000006346200000)]
  0x000001fc5c3fc000 JavaThread "jar transforms Thread 58" [_thread_blocked, id=14912, stack(0x0000006346200000,0x0000006346300000)]
  0x000001fc5c3f7800 JavaThread "jar transforms Thread 59" [_thread_blocked, id=15260, stack(0x0000006346300000,0x0000006346400000)]
=>0x000001fc64f5b800 JavaThread "C2 CompilerThread1" daemon [_thread_in_native, id=4512, stack(0x0000006346400000,0x0000006346500000)]
  0x000001fc64502000 JavaThread "jar transforms Thread 60" [_thread_blocked, id=13704, stack(0x0000006346500000,0x0000006346600000)]
  0x000001fc64504000 JavaThread "jar transforms Thread 61" [_thread_blocked, id=8, stack(0x0000006346600000,0x0000006346700000)]
  0x000001fc64506800 JavaThread "jar transforms Thread 62" [_thread_blocked, id=8692, stack(0x0000006346700000,0x0000006346800000)]
  0x000001fc64502800 JavaThread "jar transforms Thread 63" [_thread_blocked, id=3452, stack(0x0000006346800000,0x0000006346900000)]
  0x000001fc64506000 JavaThread "jar transforms Thread 64" [_thread_blocked, id=2484, stack(0x0000006346900000,0x0000006346a00000)]
  0x000001fc64505000 JavaThread "jar transforms Thread 65" [_thread_blocked, id=10180, stack(0x0000006346a00000,0x0000006346b00000)]
  0x000001fc64501000 JavaThread "jar transforms Thread 66" [_thread_blocked, id=2848, stack(0x0000006346b00000,0x0000006346c00000)]
  0x000001fc64507800 JavaThread "jar transforms Thread 67" [_thread_blocked, id=13908, stack(0x0000006346c00000,0x0000006346d00000)]
  0x000001fc64508800 JavaThread "jar transforms Thread 68" [_thread_blocked, id=6472, stack(0x0000006346d00000,0x0000006346e00000)]
  0x000001fc64509000 JavaThread "jar transforms Thread 69" [_thread_blocked, id=5912, stack(0x0000006346e00000,0x0000006346f00000)]
  0x000001fc64503800 JavaThread "jar transforms Thread 70" [_thread_blocked, id=4652, stack(0x0000006346f00000,0x0000006347000000)]
  0x000001fc6450f800 JavaThread "jar transforms Thread 71" [_thread_blocked, id=5928, stack(0x0000006347000000,0x0000006347100000)]
  0x000001fc6450b800 JavaThread "jar transforms Thread 72" [_thread_blocked, id=3456, stack(0x0000006347100000,0x0000006347200000)]
  0x000001fc6450e000 JavaThread "jar transforms Thread 73" [_thread_blocked, id=1332, stack(0x0000006347200000,0x0000006347300000)]
  0x000001fc6450f000 JavaThread "jar transforms Thread 74" [_thread_blocked, id=12440, stack(0x0000006347300000,0x0000006347400000)]
  0x000001fc6450c800 JavaThread "jar transforms Thread 75" [_thread_blocked, id=15108, stack(0x0000006347400000,0x0000006347500000)]
  0x000001fc6450a000 JavaThread "jar transforms Thread 76" [_thread_blocked, id=6892, stack(0x0000006347500000,0x0000006347600000)]
  0x000001fc6450a800 JavaThread "jar transforms Thread 77" [_thread_blocked, id=7224, stack(0x0000006347600000,0x0000006347700000)]
  0x000001fc6450d000 JavaThread "jar transforms Thread 78" [_thread_blocked, id=8720, stack(0x0000006347700000,0x0000006347800000)]
  0x000001fc670d8800 JavaThread "jar transforms Thread 79" [_thread_blocked, id=7544, stack(0x0000006347800000,0x0000006347900000)]
  0x000001fc670df000 JavaThread "jar transforms Thread 80" [_thread_blocked, id=14284, stack(0x0000006347900000,0x0000006347a00000)]
  0x000001fc670dc800 JavaThread "jar transforms Thread 81" [_thread_blocked, id=11844, stack(0x0000006347a00000,0x0000006347b00000)]
  0x000001fc670d9000 JavaThread "jar transforms Thread 82" [_thread_blocked, id=7652, stack(0x0000006347b00000,0x0000006347c00000)]
  0x000001fc670da000 JavaThread "jar transforms Thread 83" [_thread_blocked, id=10172, stack(0x0000006347c00000,0x0000006347d00000)]
  0x000001fc670df800 JavaThread "jar transforms Thread 84" [_thread_blocked, id=13436, stack(0x0000006347d00000,0x0000006347e00000)]
  0x000001fc670e0800 JavaThread "jar transforms Thread 85" [_thread_blocked, id=10396, stack(0x0000006347e00000,0x0000006347f00000)]
  0x000001fc670de000 JavaThread "jar transforms Thread 86" [_thread_blocked, id=14620, stack(0x0000006347f00000,0x0000006348000000)]
  0x000001fc670da800 JavaThread "jar transforms Thread 87" [_thread_blocked, id=14512, stack(0x0000006348000000,0x0000006348100000)]
  0x000001fc670e1800 JavaThread "jar transforms Thread 88" [_thread_blocked, id=12280, stack(0x0000006348100000,0x0000006348200000)]
  0x000001fc670db800 JavaThread "jar transforms Thread 89" [_thread_blocked, id=14880, stack(0x0000006348200000,0x0000006348300000)]
  0x000001fc670e6000 JavaThread "jar transforms Thread 90" [_thread_blocked, id=10056, stack(0x0000006348300000,0x0000006348400000)]
  0x000001fc670e7000 JavaThread "jar transforms Thread 91" [_thread_blocked, id=12980, stack(0x0000006348400000,0x0000006348500000)]
  0x000001fc670e5800 JavaThread "jar transforms Thread 92" [_thread_blocked, id=15340, stack(0x0000006348500000,0x0000006348600000)]
  0x000001fc670e3000 JavaThread "jar transforms Thread 93" [_thread_blocked, id=10264, stack(0x0000006348600000,0x0000006348700000)]
  0x000001fc670e2000 JavaThread "jar transforms Thread 94" [_thread_blocked, id=13604, stack(0x0000006348700000,0x0000006348800000)]
  0x000001fc670e3800 JavaThread "jar transforms Thread 95" [_thread_blocked, id=14220, stack(0x0000006348800000,0x0000006348900000)]
  0x000001fc670e4800 JavaThread "jar transforms Thread 96" [_thread_blocked, id=14316, stack(0x0000006348900000,0x0000006348a00000)]
  0x000001fc66fa2000 JavaThread "jar transforms Thread 97" [_thread_blocked, id=13116, stack(0x0000006348a00000,0x0000006348b00000)]
  0x000001fc66f9f800 JavaThread "jar transforms Thread 98" [_thread_blocked, id=13396, stack(0x0000006348b00000,0x0000006348c00000)]
  0x000001fc66fa3800 JavaThread "jar transforms Thread 99" [_thread_blocked, id=10992, stack(0x0000006348c00000,0x0000006348d00000)]
  0x000001fc66fa0800 JavaThread "jar transforms Thread 100" [_thread_blocked, id=7988, stack(0x0000006348d00000,0x0000006348e00000)]
  0x000001fc66fa1800 JavaThread "jar transforms Thread 101" [_thread_blocked, id=14568, stack(0x0000006348e00000,0x0000006348f00000)]
  0x000001fc66fa3000 JavaThread "jar transforms Thread 102" [_thread_blocked, id=14244, stack(0x0000006348f00000,0x0000006349000000)]
  0x000001fc66f9e000 JavaThread "jar transforms Thread 103" [_thread_in_vm, id=12324, stack(0x0000006349000000,0x0000006349100000)]
  0x000001fc66fa4800 JavaThread "jar transforms Thread 104" [_thread_in_native, id=6612, stack(0x0000006349100000,0x0000006349200000)]
  0x000001fc66f9f000 JavaThread "jar transforms Thread 105" [_thread_new, id=13772, stack(0x0000000000000000,0x0000000000000000)]
  0x000001fc66faa000 JavaThread "jar transforms Thread 106" [_thread_new, id=12876, stack(0x0000000000000000,0x0000000000000000)]
  0x000001fc66fab000 JavaThread "jar transforms Thread 107" [_thread_new, id=8364, stack(0x0000000000000000,0x0000000000000000)]
  0x000001fc66fa7000 JavaThread "jar transforms Thread 108" [_thread_new, id=5568, stack(0x0000000000000000,0x0000000000000000)]
  0x000001fc66fa8000 JavaThread "jar transforms Thread 109" [_thread_new, id=13792, stack(0x0000000000000000,0x0000000000000000)]
  0x000001fc66fa5800 JavaThread "jar transforms Thread 110" [_thread_new, id=1576, stack(0x0000000000000000,0x0000000000000000)]
  0x000001fc66fa8800 JavaThread "jar transforms Thread 111" [_thread_new, id=10132, stack(0x0000000000000000,0x0000000000000000)]
  0x000001fc66fa9800 JavaThread "jar transforms Thread 112" [_thread_new, id=3836, stack(0x0000000000000000,0x0000000000000000)]
  0x000001fc66fac000 JavaThread "jar transforms Thread 113" [_thread_new, id=14884, stack(0x0000000000000000,0x0000000000000000)]
  0x000001fc66fa6000 JavaThread "jar transforms Thread 114" [_thread_new, id=11616, stack(0x0000000000000000,0x0000000000000000)]
  0x000001fc66fac800 JavaThread "jar transforms Thread 115" [_thread_new, id=10156, stack(0x0000000000000000,0x0000000000000000)]
  0x000001fc65785800 JavaThread "jar transforms Thread 116" [_thread_new, id=5632, stack(0x0000000000000000,0x0000000000000000)]
  0x000001fc65787000 JavaThread "jar transforms Thread 117" [_thread_new, id=14964, stack(0x0000000000000000,0x0000000000000000)]
  0x000001fc65783000 JavaThread "jar transforms Thread 118" [_thread_new, id=9788, stack(0x0000000000000000,0x0000000000000000)]
  0x000001fc65783800 JavaThread "jar transforms Thread 119" [_thread_new, id=10748, stack(0x0000000000000000,0x0000000000000000)]

Other Threads:
  0x000001fc5a485800 VMThread "VM Thread" [stack: 0x0000006340000000,0x0000006340100000] [id=10688] _threads_hazard_ptr=0x000001fc60bc8670
  0x000001fc5afac000 WatcherThread [stack: 0x0000006340b00000,0x0000006340c00000] [id=9416]
  0x000001fc3eaf2800 GCTaskThread "GC Thread#0" [stack: 0x000000633fb00000,0x000000633fc00000] [id=15156]
  0x000001fc5b259800 GCTaskThread "GC Thread#1" [stack: 0x0000006340d00000,0x0000006340e00000] [id=13796]
  0x000001fc5b25a800 GCTaskThread "GC Thread#2" [stack: 0x0000006340e00000,0x0000006340f00000] [id=3308]
  0x000001fc5c159000 GCTaskThread "GC Thread#3" [stack: 0x0000006341a00000,0x0000006341b00000] [id=9536]
  0x000001fc3eb25000 ConcurrentGCThread "G1 Main Marker" [stack: 0x000000633fc00000,0x000000633fd00000] [id=14652]
  0x000001fc3eb28000 ConcurrentGCThread "G1 Conc#0" [stack: 0x000000633fd00000,0x000000633fe00000] [id=10184]
  0x000001fc3ebb7800 ConcurrentGCThread "G1 Refine#0" [stack: 0x000000633fe00000,0x000000633ff00000] [id=13824]
  0x000001fc3ebb9000 ConcurrentGCThread "G1 Young RemSet Sampling" [stack: 0x000000633ff00000,0x0000006340000000] [id=15288]

Threads with active compile tasks:
C2 CompilerThread0  22537 5016       4       org.objectweb.asm.ClassReader::readElementValue (1237 bytes)
C1 CompilerThread0  22537 5039       3       java.util.concurrent.ThreadPoolExecutor::execute (132 bytes)
C2 CompilerThread1  22537 5005       4       org.objectweb.asm.ClassWriter::toByteArray (1513 bytes)

VM state:synchronizing (normal execution)

VM Mutex/Monitor currently owned by a thread:  ([mutex/lock_event])
[0x000001fc3ead73d0] Safepoint_lock - owner thread: 0x000001fc5a485800
[0x000001fc3ead7610] Threads_lock - owner thread: 0x000001fc5a485800

OutOfMemory and StackOverflow Exception counts:
OutOfMemoryError java_heap_errors=1
LinkageErrors=70

Heap address: 0x0000000080000000, size: 2048 MB, Compressed Oops mode: 32-bit
Narrow klass base: 0x0000000000000000, Narrow klass shift: 3
Compressed class space size: 1073741824 Address: 0x0000000100000000

Heap:
 garbage-first heap   total 157696K, used 112689K [0x0000000080000000, 0x0000000100000000)
  region size 1024K, 82 young (83968K), 2 survivors (2048K)
 Metaspace       used 45258K, capacity 46272K, committed 46336K, reserved 1089536K
  class space    used 5747K, capacity 6092K, committed 6144K, reserved 1048576K
Heap Regions: E=young(eden), S=young(survivor), O=old, HS=humongous(starts), HC=humongous(continues), CS=collection set, F=free, A=archive, TAMS=top-at-mark-start (previous, next)
|   0|0x0000000080000000, 0x0000000080100000, 0x0000000080100000|100%| O|  |TAMS 0x0000000080100000, 0x0000000080000000| Untracked 
|   1|0x0000000080100000, 0x0000000080200000, 0x0000000080200000|100%| O|  |TAMS 0x0000000080200000, 0x0000000080100000| Untracked 
|   2|0x0000000080200000, 0x0000000080300000, 0x0000000080300000|100%| O|  |TAMS 0x0000000080300000, 0x0000000080200000| Untracked 
|   3|0x0000000080300000, 0x0000000080400000, 0x0000000080400000|100%|HS|  |TAMS 0x0000000080400000, 0x0000000080300000| Complete 
|   4|0x0000000080400000, 0x0000000080500000, 0x0000000080500000|100%|HC|  |TAMS 0x0000000080500000, 0x0000000080400000| Complete 
|   5|0x0000000080500000, 0x0000000080600000, 0x0000000080600000|100%|HC|  |TAMS 0x0000000080600000, 0x0000000080500000| Complete 
|   6|0x0000000080600000, 0x0000000080700000, 0x0000000080700000|100%| O|  |TAMS 0x0000000080700000, 0x0000000080600000| Untracked 
|   7|0x0000000080700000, 0x0000000080800000, 0x0000000080800000|100%| O|  |TAMS 0x0000000080800000, 0x0000000080700000| Untracked 
|   8|0x0000000080800000, 0x0000000080900000, 0x0000000080900000|100%| O|  |TAMS 0x0000000080900000, 0x0000000080800000| Untracked 
|   9|0x0000000080900000, 0x0000000080a00000, 0x0000000080a00000|100%| O|  |TAMS 0x0000000080a00000, 0x0000000080900000| Untracked 
|  10|0x0000000080a00000, 0x0000000080b00000, 0x0000000080b00000|100%| O|  |TAMS 0x0000000080b00000, 0x0000000080a00000| Untracked 
|  11|0x0000000080b00000, 0x0000000080c00000, 0x0000000080c00000|100%| O|  |TAMS 0x0000000080c00000, 0x0000000080b00000| Untracked 
|  12|0x0000000080c00000, 0x0000000080d00000, 0x0000000080d00000|100%| O|  |TAMS 0x0000000080d00000, 0x0000000080c00000| Untracked 
|  13|0x0000000080d00000, 0x0000000080e00000, 0x0000000080e00000|100%| O|  |TAMS 0x0000000080e00000, 0x0000000080d00000| Untracked 
|  14|0x0000000080e00000, 0x0000000080f00000, 0x0000000080f00000|100%| O|  |TAMS 0x0000000080f00000, 0x0000000080e00000| Untracked 
|  15|0x0000000080f00000, 0x0000000081000000, 0x0000000081000000|100%| O|  |TAMS 0x0000000080f30000, 0x0000000080f00000| Untracked 
|  16|0x0000000081000000, 0x0000000081000000, 0x0000000081100000|  0%| F|  |TAMS 0x0000000081000000, 0x0000000081000000| Untracked 
|  17|0x0000000081100000, 0x0000000081200000, 0x0000000081200000|100%| O|  |TAMS 0x0000000081100000, 0x0000000081100000| Untracked 
|  18|0x0000000081200000, 0x0000000081300000, 0x0000000081300000|100%| O|  |TAMS 0x0000000081200000, 0x0000000081200000| Untracked 
|  19|0x0000000081300000, 0x0000000081400000, 0x0000000081400000|100%| O|  |TAMS 0x0000000081300000, 0x0000000081300000| Untracked 
|  20|0x0000000081400000, 0x0000000081500000, 0x0000000081500000|100%| O|  |TAMS 0x0000000081400000, 0x0000000081400000| Untracked 
|  21|0x0000000081500000, 0x0000000081600000, 0x0000000081600000|100%| O|  |TAMS 0x0000000081500000, 0x0000000081500000| Untracked 
|  22|0x0000000081600000, 0x0000000081700000, 0x0000000081700000|100%| O|  |TAMS 0x0000000081600000, 0x0000000081600000| Untracked 
|  23|0x0000000081700000, 0x0000000081800000, 0x0000000081800000|100%| O|  |TAMS 0x0000000081700000, 0x0000000081700000| Untracked 
|  24|0x0000000081800000, 0x0000000081900000, 0x0000000081900000|100%| O|  |TAMS 0x0000000081800000, 0x0000000081800000| Untracked 
|  25|0x0000000081900000, 0x0000000081a00000, 0x0000000081a00000|100%| O|  |TAMS 0x0000000081900000, 0x0000000081900000| Untracked 
|  26|0x0000000081a00000, 0x0000000081b00000, 0x0000000081b00000|100%| O|  |TAMS 0x0000000081a00000, 0x0000000081a00000| Untracked 
|  27|0x0000000081b00000, 0x0000000081c00000, 0x0000000081c00000|100%| O|  |TAMS 0x0000000081b00000, 0x0000000081b00000| Untracked 
|  28|0x0000000081c00000, 0x0000000081d00000, 0x0000000081d00000|100%| O|  |TAMS 0x0000000081c00000, 0x0000000081c00000| Untracked 
|  29|0x0000000081d00000, 0x0000000081e00000, 0x0000000081e00000|100%| O|  |TAMS 0x0000000081d00000, 0x0000000081d00000| Untracked 
|  30|0x0000000081e00000, 0x0000000081f00000, 0x0000000081f00000|100%| O|  |TAMS 0x0000000081e00000, 0x0000000081e00000| Untracked 
|  31|0x0000000081f00000, 0x0000000081f00000, 0x0000000082000000|  0%| F|  |TAMS 0x0000000081f00000, 0x0000000081f00000| Untracked 
|  32|0x0000000082000000, 0x0000000082000000, 0x0000000082100000|  0%| F|  |TAMS 0x0000000082000000, 0x0000000082000000| Untracked 
|  33|0x0000000082100000, 0x0000000082100000, 0x0000000082200000|  0%| F|  |TAMS 0x0000000082100000, 0x0000000082100000| Untracked 
|  34|0x0000000082200000, 0x0000000082210000, 0x0000000082300000|  6%| O|  |TAMS 0x0000000082200000, 0x0000000082200000| Untracked 
|  35|0x0000000082300000, 0x0000000082300000, 0x0000000082400000|  0%| F|  |TAMS 0x0000000082300000, 0x0000000082300000| Untracked 
|  36|0x0000000082400000, 0x0000000082400000, 0x0000000082500000|  0%| F|  |TAMS 0x0000000082400000, 0x0000000082400000| Untracked 
|  37|0x0000000082500000, 0x0000000082500000, 0x0000000082600000|  0%| F|  |TAMS 0x0000000082500000, 0x0000000082500000| Untracked 
|  38|0x0000000082600000, 0x0000000082600000, 0x0000000082700000|  0%| F|  |TAMS 0x0000000082600000, 0x0000000082600000| Untracked 
|  39|0x0000000082700000, 0x0000000082700000, 0x0000000082800000|  0%| F|  |TAMS 0x0000000082700000, 0x0000000082700000| Untracked 
|  40|0x0000000082800000, 0x0000000082800000, 0x0000000082900000|  0%| F|  |TAMS 0x0000000082800000, 0x0000000082800000| Untracked 
|  41|0x0000000082900000, 0x0000000082900000, 0x0000000082a00000|  0%| F|  |TAMS 0x0000000082900000, 0x0000000082900000| Untracked 
|  42|0x0000000082a00000, 0x0000000082a00000, 0x0000000082b00000|  0%| F|  |TAMS 0x0000000082a00000, 0x0000000082a00000| Untracked 
|  43|0x0000000082b00000, 0x0000000082b00000, 0x0000000082c00000|  0%| F|  |TAMS 0x0000000082b00000, 0x0000000082b00000| Untracked 
|  44|0x0000000082c00000, 0x0000000082c00000, 0x0000000082d00000|  0%| F|  |TAMS 0x0000000082c00000, 0x0000000082c00000| Untracked 
|  45|0x0000000082d00000, 0x0000000082d00000, 0x0000000082e00000|  0%| F|  |TAMS 0x0000000082d00000, 0x0000000082d00000| Untracked 
|  46|0x0000000082e00000, 0x0000000082e00000, 0x0000000082f00000|  0%| F|  |TAMS 0x0000000082e00000, 0x0000000082e00000| Untracked 
|  47|0x0000000082f00000, 0x0000000082f00000, 0x0000000083000000|  0%| F|  |TAMS 0x0000000082f00000, 0x0000000082f00000| Untracked 
|  48|0x0000000083000000, 0x0000000083000000, 0x0000000083100000|  0%| F|  |TAMS 0x0000000083000000, 0x0000000083000000| Untracked 
|  49|0x0000000083100000, 0x0000000083100000, 0x0000000083200000|  0%| F|  |TAMS 0x0000000083100000, 0x0000000083100000| Untracked 
|  50|0x0000000083200000, 0x0000000083200000, 0x0000000083300000|  0%| F|  |TAMS 0x0000000083200000, 0x0000000083200000| Untracked 
|  51|0x0000000083300000, 0x0000000083300000, 0x0000000083400000|  0%| F|  |TAMS 0x0000000083300000, 0x0000000083300000| Untracked 
|  52|0x0000000083400000, 0x0000000083400000, 0x0000000083500000|  0%| F|  |TAMS 0x0000000083400000, 0x0000000083400000| Untracked 
|  53|0x0000000083500000, 0x0000000083500000, 0x0000000083600000|  0%| F|  |TAMS 0x0000000083500000, 0x0000000083500000| Untracked 
|  54|0x0000000083600000, 0x0000000083600000, 0x0000000083700000|  0%| F|  |TAMS 0x0000000083600000, 0x0000000083600000| Untracked 
|  55|0x0000000083700000, 0x0000000083700000, 0x0000000083800000|  0%| F|  |TAMS 0x0000000083700000, 0x0000000083700000| Untracked 
|  56|0x0000000083800000, 0x0000000083800000, 0x0000000083900000|  0%| F|  |TAMS 0x0000000083800000, 0x0000000083800000| Untracked 
|  57|0x0000000083900000, 0x0000000083900000, 0x0000000083a00000|  0%| F|  |TAMS 0x0000000083900000, 0x0000000083900000| Untracked 
|  58|0x0000000083a00000, 0x0000000083a00000, 0x0000000083b00000|  0%| F|  |TAMS 0x0000000083a00000, 0x0000000083a00000| Untracked 
|  59|0x0000000083b00000, 0x0000000083b00000, 0x0000000083c00000|  0%| F|  |TAMS 0x0000000083b00000, 0x0000000083b00000| Untracked 
|  60|0x0000000083c00000, 0x0000000083c00000, 0x0000000083d00000|  0%| F|  |TAMS 0x0000000083c00000, 0x0000000083c00000| Untracked 
|  61|0x0000000083d00000, 0x0000000083d00000, 0x0000000083e00000|  0%| F|  |TAMS 0x0000000083d00000, 0x0000000083d00000| Untracked 
|  62|0x0000000083e00000, 0x0000000083e00000, 0x0000000083f00000|  0%| F|  |TAMS 0x0000000083e00000, 0x0000000083e00000| Untracked 
|  63|0x0000000083f00000, 0x0000000083f00000, 0x0000000084000000|  0%| F|  |TAMS 0x0000000083f00000, 0x0000000083f00000| Untracked 
|  64|0x0000000084000000, 0x0000000084000000, 0x0000000084100000|  0%| F|  |TAMS 0x0000000084000000, 0x0000000084000000| Untracked 
|  65|0x0000000084100000, 0x0000000084100000, 0x0000000084200000|  0%| F|  |TAMS 0x0000000084100000, 0x0000000084100000| Untracked 
|  66|0x0000000084200000, 0x0000000084200000, 0x0000000084300000|  0%| F|  |TAMS 0x0000000084200000, 0x0000000084200000| Untracked 
|  67|0x0000000084300000, 0x0000000084300000, 0x0000000084400000|  0%| F|  |TAMS 0x0000000084300000, 0x0000000084300000| Untracked 
|  68|0x0000000084400000, 0x0000000084400000, 0x0000000084500000|  0%| F|  |TAMS 0x0000000084400000, 0x0000000084400000| Untracked 
|  69|0x0000000084500000, 0x00000000845fc7e8, 0x0000000084600000| 98%| S|CS|TAMS 0x0000000084500000, 0x0000000084500000| Complete 
|  70|0x0000000084600000, 0x0000000084700000, 0x0000000084700000|100%| S|CS|TAMS 0x0000000084600000, 0x0000000084600000| Complete 
|  71|0x0000000084700000, 0x0000000084700000, 0x0000000084800000|  0%| F|  |TAMS 0x0000000084700000, 0x0000000084700000| Untracked 
|  72|0x0000000084800000, 0x0000000084800000, 0x0000000084900000|  0%| F|  |TAMS 0x0000000084800000, 0x0000000084800000| Untracked 
|  73|0x0000000084900000, 0x0000000084900000, 0x0000000084a00000|  0%| F|  |TAMS 0x0000000084900000, 0x0000000084900000| Untracked 
|  74|0x0000000084a00000, 0x0000000084aaa060, 0x0000000084b00000| 66%| E|  |TAMS 0x0000000084a00000, 0x0000000084a00000| Complete 
|  75|0x0000000084b00000, 0x0000000084c00000, 0x0000000084c00000|100%| E|CS|TAMS 0x0000000084b00000, 0x0000000084b00000| Complete 
|  76|0x0000000084c00000, 0x0000000084d00000, 0x0000000084d00000|100%| E|CS|TAMS 0x0000000084c00000, 0x0000000084c00000| Complete 
|  77|0x0000000084d00000, 0x0000000084e00000, 0x0000000084e00000|100%| E|CS|TAMS 0x0000000084d00000, 0x0000000084d00000| Complete 
|  78|0x0000000084e00000, 0x0000000084f00000, 0x0000000084f00000|100%| E|CS|TAMS 0x0000000084e00000, 0x0000000084e00000| Complete 
|  79|0x0000000084f00000, 0x0000000085000000, 0x0000000085000000|100%| E|  |TAMS 0x0000000084f00000, 0x0000000084f00000| Complete 
|  80|0x0000000085000000, 0x0000000085100000, 0x0000000085100000|100%| E|CS|TAMS 0x0000000085000000, 0x0000000085000000| Complete 
|  81|0x0000000085100000, 0x0000000085200000, 0x0000000085200000|100%| E|CS|TAMS 0x0000000085100000, 0x0000000085100000| Complete 
|  82|0x0000000085200000, 0x0000000085300000, 0x0000000085300000|100%| E|CS|TAMS 0x0000000085200000, 0x0000000085200000| Complete 
|  83|0x0000000085300000, 0x0000000085400000, 0x0000000085400000|100%| E|CS|TAMS 0x0000000085300000, 0x0000000085300000| Complete 
|  84|0x0000000085400000, 0x0000000085500000, 0x0000000085500000|100%| E|CS|TAMS 0x0000000085400000, 0x0000000085400000| Complete 
|  85|0x0000000085500000, 0x0000000085600000, 0x0000000085600000|100%| E|CS|TAMS 0x0000000085500000, 0x0000000085500000| Complete 
|  86|0x0000000085600000, 0x0000000085700000, 0x0000000085700000|100%| E|CS|TAMS 0x0000000085600000, 0x0000000085600000| Complete 
|  87|0x0000000085700000, 0x0000000085800000, 0x0000000085800000|100%| E|CS|TAMS 0x0000000085700000, 0x0000000085700000| Complete 
|  88|0x0000000085800000, 0x0000000085900000, 0x0000000085900000|100%| E|CS|TAMS 0x0000000085800000, 0x0000000085800000| Complete 
|  89|0x0000000085900000, 0x0000000085a00000, 0x0000000085a00000|100%| E|CS|TAMS 0x0000000085900000, 0x0000000085900000| Complete 
|  90|0x0000000085a00000, 0x0000000085b00000, 0x0000000085b00000|100%| E|CS|TAMS 0x0000000085a00000, 0x0000000085a00000| Complete 
|  91|0x0000000085b00000, 0x0000000085c00000, 0x0000000085c00000|100%| E|CS|TAMS 0x0000000085b00000, 0x0000000085b00000| Complete 
|  92|0x0000000085c00000, 0x0000000085d00000, 0x0000000085d00000|100%| E|CS|TAMS 0x0000000085c00000, 0x0000000085c00000| Complete 
|  93|0x0000000085d00000, 0x0000000085e00000, 0x0000000085e00000|100%| E|CS|TAMS 0x0000000085d00000, 0x0000000085d00000| Complete 
|  94|0x0000000085e00000, 0x0000000085f00000, 0x0000000085f00000|100%| E|CS|TAMS 0x0000000085e00000, 0x0000000085e00000| Complete 
|  95|0x0000000085f00000, 0x0000000086000000, 0x0000000086000000|100%| E|CS|TAMS 0x0000000085f00000, 0x0000000085f00000| Complete 
|  96|0x0000000086000000, 0x0000000086100000, 0x0000000086100000|100%| E|CS|TAMS 0x0000000086000000, 0x0000000086000000| Complete 
|  97|0x0000000086100000, 0x0000000086200000, 0x0000000086200000|100%| E|CS|TAMS 0x0000000086100000, 0x0000000086100000| Complete 
|  98|0x0000000086200000, 0x0000000086300000, 0x0000000086300000|100%| E|CS|TAMS 0x0000000086200000, 0x0000000086200000| Complete 
|  99|0x0000000086300000, 0x0000000086400000, 0x0000000086400000|100%| E|CS|TAMS 0x0000000086300000, 0x0000000086300000| Complete 
| 100|0x0000000086400000, 0x0000000086500000, 0x0000000086500000|100%| E|CS|TAMS 0x0000000086400000, 0x0000000086400000| Complete 
| 101|0x0000000086500000, 0x0000000086600000, 0x0000000086600000|100%| E|CS|TAMS 0x0000000086500000, 0x0000000086500000| Complete 
| 102|0x0000000086600000, 0x0000000086700000, 0x0000000086700000|100%| E|CS|TAMS 0x0000000086600000, 0x0000000086600000| Complete 
| 103|0x0000000086700000, 0x0000000086800000, 0x0000000086800000|100%| E|CS|TAMS 0x0000000086700000, 0x0000000086700000| Complete 
| 104|0x0000000086800000, 0x0000000086900000, 0x0000000086900000|100%| E|CS|TAMS 0x0000000086800000, 0x0000000086800000| Complete 
| 105|0x0000000086900000, 0x0000000086a00000, 0x0000000086a00000|100%| E|CS|TAMS 0x0000000086900000, 0x0000000086900000| Complete 
| 106|0x0000000086a00000, 0x0000000086b00000, 0x0000000086b00000|100%| E|CS|TAMS 0x0000000086a00000, 0x0000000086a00000| Complete 
| 107|0x0000000086b00000, 0x0000000086c00000, 0x0000000086c00000|100%| E|CS|TAMS 0x0000000086b00000, 0x0000000086b00000| Complete 
| 108|0x0000000086c00000, 0x0000000086d00000, 0x0000000086d00000|100%| E|CS|TAMS 0x0000000086c00000, 0x0000000086c00000| Complete 
| 109|0x0000000086d00000, 0x0000000086e00000, 0x0000000086e00000|100%| E|CS|TAMS 0x0000000086d00000, 0x0000000086d00000| Complete 
| 110|0x0000000086e00000, 0x0000000086f00000, 0x0000000086f00000|100%| E|CS|TAMS 0x0000000086e00000, 0x0000000086e00000| Complete 
| 111|0x0000000086f00000, 0x0000000087000000, 0x0000000087000000|100%| E|CS|TAMS 0x0000000086f00000, 0x0000000086f00000| Complete 
| 112|0x0000000087000000, 0x0000000087100000, 0x0000000087100000|100%| E|CS|TAMS 0x0000000087000000, 0x0000000087000000| Complete 
| 113|0x0000000087100000, 0x0000000087200000, 0x0000000087200000|100%| E|CS|TAMS 0x0000000087100000, 0x0000000087100000| Complete 
| 114|0x0000000087200000, 0x0000000087300000, 0x0000000087300000|100%| E|CS|TAMS 0x0000000087200000, 0x0000000087200000| Complete 
| 115|0x0000000087300000, 0x0000000087400000, 0x0000000087400000|100%| E|CS|TAMS 0x0000000087300000, 0x0000000087300000| Complete 
| 116|0x0000000087400000, 0x0000000087500000, 0x0000000087500000|100%| E|CS|TAMS 0x0000000087400000, 0x0000000087400000| Complete 
| 117|0x0000000087500000, 0x0000000087600000, 0x0000000087600000|100%| E|CS|TAMS 0x0000000087500000, 0x0000000087500000| Complete 
| 118|0x0000000087600000, 0x0000000087700000, 0x0000000087700000|100%| E|CS|TAMS 0x0000000087600000, 0x0000000087600000| Complete 
| 119|0x0000000087700000, 0x0000000087800000, 0x0000000087800000|100%| E|CS|TAMS 0x0000000087700000, 0x0000000087700000| Complete 
| 120|0x0000000087800000, 0x0000000087900000, 0x0000000087900000|100%| E|CS|TAMS 0x0000000087800000, 0x0000000087800000| Complete 
| 121|0x0000000087900000, 0x0000000087a00000, 0x0000000087a00000|100%| E|CS|TAMS 0x0000000087900000, 0x0000000087900000| Complete 
| 122|0x0000000087a00000, 0x0000000087b00000, 0x0000000087b00000|100%| E|CS|TAMS 0x0000000087a00000, 0x0000000087a00000| Complete 
| 123|0x0000000087b00000, 0x0000000087c00000, 0x0000000087c00000|100%| E|CS|TAMS 0x0000000087b00000, 0x0000000087b00000| Complete 
| 124|0x0000000087c00000, 0x0000000087d00000, 0x0000000087d00000|100%| E|CS|TAMS 0x0000000087c00000, 0x0000000087c00000| Complete 
| 125|0x0000000087d00000, 0x0000000087e00000, 0x0000000087e00000|100%| E|CS|TAMS 0x0000000087d00000, 0x0000000087d00000| Complete 
| 126|0x0000000087e00000, 0x0000000087f00000, 0x0000000087f00000|100%| E|CS|TAMS 0x0000000087e00000, 0x0000000087e00000| Complete 
| 127|0x0000000087f00000, 0x0000000088000000, 0x0000000088000000|100%| E|CS|TAMS 0x0000000087f00000, 0x0000000087f00000| Complete 
| 128|0x0000000088000000, 0x0000000088100000, 0x0000000088100000|100%| E|CS|TAMS 0x0000000088000000, 0x0000000088000000| Complete 
| 129|0x0000000088100000, 0x0000000088200000, 0x0000000088200000|100%| E|CS|TAMS 0x0000000088100000, 0x0000000088100000| Complete 
| 130|0x0000000088200000, 0x0000000088300000, 0x0000000088300000|100%| E|CS|TAMS 0x0000000088200000, 0x0000000088200000| Complete 
| 131|0x0000000088300000, 0x0000000088400000, 0x0000000088400000|100%| E|CS|TAMS 0x0000000088300000, 0x0000000088300000| Complete 
| 132|0x0000000088400000, 0x0000000088500000, 0x0000000088500000|100%| E|CS|TAMS 0x0000000088400000, 0x0000000088400000| Complete 
| 133|0x0000000088500000, 0x0000000088600000, 0x0000000088600000|100%| E|CS|TAMS 0x0000000088500000, 0x0000000088500000| Complete 
| 134|0x0000000088600000, 0x0000000088700000, 0x0000000088700000|100%| E|CS|TAMS 0x0000000088600000, 0x0000000088600000| Complete 
| 135|0x0000000088700000, 0x0000000088800000, 0x0000000088800000|100%| E|CS|TAMS 0x0000000088700000, 0x0000000088700000| Complete 
| 136|0x0000000088800000, 0x0000000088900000, 0x0000000088900000|100%| E|CS|TAMS 0x0000000088800000, 0x0000000088800000| Complete 
| 137|0x0000000088900000, 0x0000000088a00000, 0x0000000088a00000|100%| E|CS|TAMS 0x0000000088900000, 0x0000000088900000| Complete 
| 138|0x0000000088a00000, 0x0000000088b00000, 0x0000000088b00000|100%| E|CS|TAMS 0x0000000088a00000, 0x0000000088a00000| Complete 
| 139|0x0000000088b00000, 0x0000000088c00000, 0x0000000088c00000|100%| E|CS|TAMS 0x0000000088b00000, 0x0000000088b00000| Complete 
| 140|0x0000000088c00000, 0x0000000088d00000, 0x0000000088d00000|100%| E|CS|TAMS 0x0000000088c00000, 0x0000000088c00000| Complete 
| 141|0x0000000088d00000, 0x0000000088e00000, 0x0000000088e00000|100%| E|CS|TAMS 0x0000000088d00000, 0x0000000088d00000| Complete 
| 142|0x0000000088e00000, 0x0000000088f00000, 0x0000000088f00000|100%| E|CS|TAMS 0x0000000088e00000, 0x0000000088e00000| Complete 
| 143|0x0000000088f00000, 0x0000000089000000, 0x0000000089000000|100%| E|CS|TAMS 0x0000000088f00000, 0x0000000088f00000| Complete 
| 144|0x0000000089000000, 0x0000000089100000, 0x0000000089100000|100%| E|CS|TAMS 0x0000000089000000, 0x0000000089000000| Complete 
| 145|0x0000000089100000, 0x0000000089200000, 0x0000000089200000|100%| E|CS|TAMS 0x0000000089100000, 0x0000000089100000| Complete 
| 146|0x0000000089200000, 0x0000000089300000, 0x0000000089300000|100%| E|CS|TAMS 0x0000000089200000, 0x0000000089200000| Complete 
| 147|0x0000000089300000, 0x0000000089400000, 0x0000000089400000|100%| E|CS|TAMS 0x0000000089300000, 0x0000000089300000| Complete 
| 148|0x0000000089400000, 0x0000000089500000, 0x0000000089500000|100%| E|CS|TAMS 0x0000000089400000, 0x0000000089400000| Complete 
| 149|0x0000000089500000, 0x0000000089600000, 0x0000000089600000|100%| E|CS|TAMS 0x0000000089500000, 0x0000000089500000| Complete 
| 150|0x0000000089600000, 0x0000000089700000, 0x0000000089700000|100%| E|CS|TAMS 0x0000000089600000, 0x0000000089600000| Complete 
| 151|0x0000000089700000, 0x0000000089800000, 0x0000000089800000|100%| E|CS|TAMS 0x0000000089700000, 0x0000000089700000| Complete 
| 152|0x0000000089800000, 0x0000000089900000, 0x0000000089900000|100%| E|CS|TAMS 0x0000000089800000, 0x0000000089800000| Complete 
| 153|0x0000000089900000, 0x0000000089a00000, 0x0000000089a00000|100%| E|CS|TAMS 0x0000000089900000, 0x0000000089900000| Complete 

Card table byte_map: [0x000001fc53690000,0x000001fc53a90000] _byte_map_base: 0x000001fc53290000

Marking Bits (Prev, Next): (CMBitMap*) 0x000001fc3eb1bff8, (CMBitMap*) 0x000001fc3eb1c030
 Prev Bits: [0x000001fc53e90000, 0x000001fc55e90000)
 Next Bits: [0x000001fc55e90000, 0x000001fc57e90000)

Polling page: 0x000001fc3e980000

Metaspace:

Usage:
  Non-class:     39.24 MB capacity,    38.58 MB ( 98%) used,   570.64 KB (  1%) free+waste,    98.69 KB ( <1%) overhead. 
      Class:      5.95 MB capacity,     5.61 MB ( 94%) used,   297.38 KB (  5%) free+waste,    46.88 KB ( <1%) overhead. 
       Both:     45.19 MB capacity,    44.20 MB ( 98%) used,   868.02 KB (  2%) free+waste,   145.56 KB ( <1%) overhead. 

Virtual space:
  Non-class space:       40.00 MB reserved,      39.25 MB ( 98%) committed 
      Class space:        1.00 GB reserved,       6.00 MB ( <1%) committed 
             Both:        1.04 GB reserved,      45.25 MB (  4%) committed 

Chunk freelists:
   Non-Class:  12.00 KB
       Class:  20.00 KB
        Both:  32.00 KB

MaxMetaspaceSize: 17179869184.00 GB
CompressedClassSpaceSize: 1.00 GB

CodeHeap 'non-profiled nmethods': size=120064Kb used=3788Kb max_used=3788Kb free=116275Kb
 bounds [0x000001fc4b720000, 0x000001fc4bae0000, 0x000001fc52c60000]
CodeHeap 'profiled nmethods': size=120000Kb used=10271Kb max_used=10271Kb free=109728Kb
 bounds [0x000001fc441f0000, 0x000001fc44c00000, 0x000001fc4b720000]
CodeHeap 'non-nmethods': size=5696Kb used=2201Kb max_used=2275Kb free=3494Kb
 bounds [0x000001fc43c60000, 0x000001fc43ed0000, 0x000001fc441f0000]
 total_blobs=5536 nmethods=4766 adapters=681
 compilation: enabled
              stopped_count=0, restarted_count=0
 full_count=0

Compilation events (20 events):
Event: 22.198 Thread 0x000001fc5a4ab800 nmethod 4985 0x000001fc4bac8110 code [0x000001fc4bac82a0, 0x000001fc4bac8798]
Event: 22.198 Thread 0x000001fc5a4ab800 5006       4       java.util.WeakHashMap::indexFor (6 bytes)
Event: 22.198 Thread 0x000001fc5a4ab800 nmethod 5006 0x000001fc4bac8890 code [0x000001fc4bac8a20, 0x000001fc4bac8a78]
Event: 22.198 Thread 0x000001fc5a4ab800 4982   !   4       java.util.zip.Deflater::setInput (69 bytes)
Event: 22.204 Thread 0x000001fc5a4ab800 nmethod 4982 0x000001fc4bac8b10 code [0x000001fc4bac8cc0, 0x000001fc4bac90b8]
Event: 22.204 Thread 0x000001fc5a4ab800 5011       4       org.objectweb.asm.ClassReader::readElementValues (88 bytes)
Event: 22.210 Thread 0x000001fc5a4b5800 5015       3       org.gradle.internal.classpath.InstrumentingTransformer$InstrumentingMethodVisitor::visitMethodInsn (521 bytes)
Event: 22.217 Thread 0x000001fc5a4ab800 nmethod 5011 0x000001fc4bac9290 code [0x000001fc4bac9460, 0x000001fc4bac9a88]
Event: 22.217 Thread 0x000001fc5a4ab800 5007       4       org.objectweb.asm.AnnotationWriter::visit (959 bytes)
Event: 22.223 Thread 0x000001fc5a4b5800 nmethod 5015 0x000001fc44be5110 code [0x000001fc44be5fa0, 0x000001fc44beeeb8]
Event: 22.240 Thread 0x000001fc5a4ab800 nmethod 5007 0x000001fc4baca090 code [0x000001fc4baca340, 0x000001fc4bacae60]
Event: 22.240 Thread 0x000001fc5a4ab800 5010       4       com.google.common.io.ByteStreams::read (70 bytes)
Event: 22.243 Thread 0x000001fc5a4ab800 nmethod 5010 0x000001fc4bacb990 code [0x000001fc4bacbb40, 0x000001fc4bacbcc8]
Event: 22.243 Thread 0x000001fc5a4ab800 5012       4       org.objectweb.asm.AnnotationWriter::create (34 bytes)
Event: 22.258 Thread 0x000001fc5a4ab800 nmethod 5012 0x000001fc4bacbe90 code [0x000001fc4bacc080, 0x000001fc4bacc848]
Event: 22.259 Thread 0x000001fc5a4ab800 5013       4       org.objectweb.asm.FieldWriter::computeFieldInfoSize (86 bytes)
Event: 22.266 Thread 0x000001fc5a4ab800 nmethod 5013 0x000001fc4baccc10 code [0x000001fc4bacce20, 0x000001fc4bacd210]
Event: 22.266 Thread 0x000001fc5a4ab800 5014       4       org.objectweb.asm.FieldWriter::putFieldInfo (269 bytes)
Event: 22.364 Thread 0x000001fc5a4ab800 nmethod 5014 0x000001fc4bacd690 code [0x000001fc4bacda60, 0x000001fc4bad0550]
Event: 22.364 Thread 0x000001fc5a4ab800 5016       4       org.objectweb.asm.ClassReader::readElementValue (1237 bytes)

GC Heap History (20 events):
Event: 4.882 GC heap before
{Heap before GC invocations=4 (full 0):
 garbage-first heap   total 131072K, used 28115K [0x0000000080000000, 0x0000000100000000)
  region size 1024K, 16 young (16384K), 3 survivors (3072K)
 Metaspace       used 20638K, capacity 21109K, committed 21248K, reserved 1067008K
  class space    used 2532K, capacity 2710K, committed 2816K, reserved 1048576K
}
Event: 4.888 GC heap after
{Heap after GC invocations=5 (full 0):
 garbage-first heap   total 131072K, used 16392K [0x0000000080000000, 0x0000000100000000)
  region size 1024K, 4 young (4096K), 4 survivors (4096K)
 Metaspace       used 20638K, capacity 21109K, committed 21248K, reserved 1067008K
  class space    used 2532K, capacity 2710K, committed 2816K, reserved 1048576K
}
Event: 5.874 GC heap before
{Heap before GC invocations=6 (full 0):
 garbage-first heap   total 131072K, used 64520K [0x0000000080000000, 0x0000000100000000)
  region size 1024K, 51 young (52224K), 4 survivors (4096K)
 Metaspace       used 26112K, capacity 26739K, committed 27008K, reserved 1073152K
  class space    used 3413K, capacity 3632K, committed 3712K, reserved 1048576K
}
Event: 5.883 GC heap after
{Heap after GC invocations=7 (full 0):
 garbage-first heap   total 131072K, used 18090K [0x0000000080000000, 0x0000000100000000)
  region size 1024K, 6 young (6144K), 6 survivors (6144K)
 Metaspace       used 26112K, capacity 26739K, committed 27008K, reserved 1073152K
  class space    used 3413K, capacity 3632K, committed 3712K, reserved 1048576K
}
Event: 7.736 GC heap before
{Heap before GC invocations=7 (full 0):
 garbage-first heap   total 131072K, used 67242K [0x0000000080000000, 0x0000000100000000)
  region size 1024K, 56 young (57344K), 6 survivors (6144K)
 Metaspace       used 35088K, capacity 35773K, committed 35840K, reserved 1081344K
  class space    used 4566K, capacity 4856K, committed 4864K, reserved 1048576K
}
Event: 7.754 GC heap after
{Heap after GC invocations=8 (full 0):
 garbage-first heap   total 131072K, used 21350K [0x0000000080000000, 0x0000000100000000)
  region size 1024K, 6 young (6144K), 6 survivors (6144K)
 Metaspace       used 35088K, capacity 35773K, committed 35840K, reserved 1081344K
  class space    used 4566K, capacity 4856K, committed 4864K, reserved 1048576K
}
Event: 9.274 GC heap before
{Heap before GC invocations=9 (full 0):
 garbage-first heap   total 131072K, used 92006K [0x0000000080000000, 0x0000000100000000)
  region size 1024K, 72 young (73728K), 6 survivors (6144K)
 Metaspace       used 41329K, capacity 42241K, committed 42496K, reserved 1085440K
  class space    used 5290K, capacity 5578K, committed 5632K, reserved 1048576K
}
Event: 9.290 GC heap after
{Heap after GC invocations=10 (full 0):
 garbage-first heap   total 131072K, used 25703K [0x0000000080000000, 0x0000000100000000)
  region size 1024K, 8 young (8192K), 8 survivors (8192K)
 Metaspace       used 41329K, capacity 42241K, committed 42496K, reserved 1085440K
  class space    used 5290K, capacity 5578K, committed 5632K, reserved 1048576K
}
Event: 11.285 GC heap before
{Heap before GC invocations=10 (full 0):
 garbage-first heap   total 131072K, used 90215K [0x0000000080000000, 0x0000000100000000)
  region size 1024K, 71 young (72704K), 8 survivors (8192K)
 Metaspace       used 44946K, capacity 45918K, committed 46080K, reserved 1089536K
  class space    used 5726K, capacity 6060K, committed 6144K, reserved 1048576K
}
Event: 11.302 GC heap after
{Heap after GC invocations=11 (full 0):
 garbage-first heap   total 131072K, used 31562K [0x0000000080000000, 0x0000000100000000)
  region size 1024K, 9 young (9216K), 9 survivors (9216K)
 Metaspace       used 44946K, capacity 45918K, committed 46080K, reserved 1089536K
  class space    used 5726K, capacity 6060K, committed 6144K, reserved 1048576K
}
Event: 12.433 GC heap before
{Heap before GC invocations=11 (full 0):
 garbage-first heap   total 131072K, used 95050K [0x0000000080000000, 0x0000000100000000)
  region size 1024K, 71 young (72704K), 9 survivors (9216K)
 Metaspace       used 45021K, capacity 45982K, committed 46080K, reserved 1089536K
  class space    used 5726K, capacity 6060K, committed 6144K, reserved 1048576K
}
Event: 12.450 GC heap after
{Heap after GC invocations=12 (full 0):
 garbage-first heap   total 131072K, used 35696K [0x0000000080000000, 0x0000000100000000)
  region size 1024K, 9 young (9216K), 9 survivors (9216K)
 Metaspace       used 45021K, capacity 45982K, committed 46080K, reserved 1089536K
  class space    used 5726K, capacity 6060K, committed 6144K, reserved 1048576K
}
Event: 13.289 GC heap before
{Heap before GC invocations=12 (full 0):
 garbage-first heap   total 131072K, used 97136K [0x0000000080000000, 0x0000000100000000)
  region size 1024K, 69 young (70656K), 9 survivors (9216K)
 Metaspace       used 45023K, capacity 45982K, committed 46080K, reserved 1089536K
  class space    used 5726K, capacity 6060K, committed 6144K, reserved 1048576K
}
Event: 13.298 GC heap after
{Heap after GC invocations=13 (full 0):
 garbage-first heap   total 157696K, used 36864K [0x0000000080000000, 0x0000000100000000)
  region size 1024K, 6 young (6144K), 6 survivors (6144K)
 Metaspace       used 45023K, capacity 45982K, committed 46080K, reserved 1089536K
  class space    used 5726K, capacity 6060K, committed 6144K, reserved 1048576K
}
Event: 14.454 GC heap before
{Heap before GC invocations=13 (full 0):
 garbage-first heap   total 157696K, used 108544K [0x0000000080000000, 0x0000000100000000)
  region size 1024K, 76 young (77824K), 6 survivors (6144K)
 Metaspace       used 45089K, capacity 46078K, committed 46336K, reserved 1089536K
  class space    used 5735K, capacity 6092K, committed 6144K, reserved 1048576K
}
Event: 14.459 GC heap after
{Heap after GC invocations=14 (full 0):
 garbage-first heap   total 157696K, used 38540K [0x0000000080000000, 0x0000000100000000)
  region size 1024K, 7 young (7168K), 7 survivors (7168K)
 Metaspace       used 45089K, capacity 46078K, committed 46336K, reserved 1089536K
  class space    used 5735K, capacity 6092K, committed 6144K, reserved 1048576K
}
Event: 20.452 GC heap before
{Heap before GC invocations=14 (full 0):
 garbage-first heap   total 157696K, used 114316K [0x0000000080000000, 0x0000000100000000)
  region size 1024K, 79 young (80896K), 7 survivors (7168K)
 Metaspace       used 45200K, capacity 46142K, committed 46336K, reserved 1089536K
  class space    used 5747K, capacity 6092K, committed 6144K, reserved 1048576K
}
Event: 20.455 GC heap after
{Heap after GC invocations=15 (full 0):
 garbage-first heap   total 157696K, used 37558K [0x0000000080000000, 0x0000000100000000)
  region size 1024K, 4 young (4096K), 4 survivors (4096K)
 Metaspace       used 45200K, capacity 46142K, committed 46336K, reserved 1089536K
  class space    used 5747K, capacity 6092K, committed 6144K, reserved 1048576K
}
Event: 21.517 GC heap before
{Heap before GC invocations=15 (full 0):
 garbage-first heap   total 157696K, used 117430K [0x0000000080000000, 0x0000000100000000)
  region size 1024K, 83 young (84992K), 4 survivors (4096K)
 Metaspace       used 45230K, capacity 46272K, committed 46336K, reserved 1089536K
  class space    used 5747K, capacity 6092K, committed 6144K, reserved 1048576K
}
Event: 21.520 GC heap after
{Heap after GC invocations=16 (full 0):
 garbage-first heap   total 157696K, used 32817K [0x0000000080000000, 0x0000000100000000)
  region size 1024K, 2 young (2048K), 2 survivors (2048K)
 Metaspace       used 45230K, capacity 46272K, committed 46336K, reserved 1089536K
  class space    used 5747K, capacity 6092K, committed 6144K, reserved 1048576K
}

Deoptimization events (20 events):
Event: 21.591 Thread 0x000001fc66fa0800 DEOPT PACKING pc=0x000001fc44b36228 sp=0x0000006348dfdca0
Event: 21.591 Thread 0x000001fc66fa0800 DEOPT UNPACKING pc=0x000001fc43c872ce sp=0x0000006348dfd310 mode 0
Event: 21.631 Thread 0x000001fc66fa0800 DEOPT PACKING pc=0x000001fc44b36228 sp=0x0000006348dfdca0
Event: 21.631 Thread 0x000001fc66fa0800 DEOPT UNPACKING pc=0x000001fc43c872ce sp=0x0000006348dfd310 mode 0
Event: 21.651 Thread 0x000001fc66fa0800 DEOPT PACKING pc=0x000001fc44b36228 sp=0x0000006348dfdca0
Event: 21.651 Thread 0x000001fc66fa0800 DEOPT UNPACKING pc=0x000001fc43c872ce sp=0x0000006348dfd310 mode 0
Event: 21.655 Thread 0x000001fc66fa0800 DEOPT PACKING pc=0x000001fc44b36228 sp=0x0000006348dfdca0
Event: 21.655 Thread 0x000001fc66fa0800 DEOPT UNPACKING pc=0x000001fc43c872ce sp=0x0000006348dfd310 mode 0
Event: 21.660 Thread 0x000001fc66fa0800 DEOPT PACKING pc=0x000001fc44b36228 sp=0x0000006348dfdca0
Event: 21.660 Thread 0x000001fc66fa0800 DEOPT UNPACKING pc=0x000001fc43c872ce sp=0x0000006348dfd310 mode 0
Event: 21.780 Thread 0x000001fc66fa1800 DEOPT PACKING pc=0x000001fc44b36efc sp=0x0000006348efe130
Event: 21.780 Thread 0x000001fc66fa1800 DEOPT UNPACKING pc=0x000001fc43c872ce sp=0x0000006348efd7a0 mode 0
Event: 21.804 Thread 0x000001fc66fa1800 DEOPT PACKING pc=0x000001fc44b36228 sp=0x0000006348efe130
Event: 21.804 Thread 0x000001fc66fa1800 DEOPT UNPACKING pc=0x000001fc43c872ce sp=0x0000006348efd7a0 mode 0
Event: 21.817 Thread 0x000001fc66fa1800 DEOPT PACKING pc=0x000001fc44b36228 sp=0x0000006348efe130
Event: 21.817 Thread 0x000001fc66fa1800 DEOPT UNPACKING pc=0x000001fc43c872ce sp=0x0000006348efd7a0 mode 0
Event: 22.209 Thread 0x000001fc66fa3000 Uncommon trap: trap_request=0xffffff4d fr.pc=0x000001fc4baa9ca0 relative=0x0000000000001520
Event: 22.209 Thread 0x000001fc66fa3000 Uncommon trap: reason=unstable_if action=reinterpret pc=0x000001fc4baa9ca0 method=org.gradle.internal.classpath.InstrumentingTransformer$InstrumentingMethodVisitor.visitMethodInsn(ILjava/lang/String;Ljava/lang/String;Ljava/lang/String;Z)V @ 295 c2
Event: 22.209 Thread 0x000001fc66fa3000 DEOPT PACKING pc=0x000001fc4baa9ca0 sp=0x0000006348ffde80
Event: 22.209 Thread 0x000001fc66fa3000 DEOPT UNPACKING pc=0x000001fc43c874af sp=0x0000006348ffde60 mode 2

Classes redefined (0 events):
No events

Internal exceptions (20 events):
Event: 10.794 Thread 0x000001fc5bbac800 Exception <a 'sun/nio/fs/WindowsException'{0x00000000859754b8}> (0x00000000859754b8) thrown at [./src/hotspot/share/prims/jni.cpp, line 615]
Event: 13.980 Thread 0x000001fc5bbac800 Implicit null exception at 0x000001fc4b76c3b9 to 0x000001fc4b76c750
Event: 15.449 Thread 0x000001fc5bbac800 Exception <a 'sun/nio/fs/WindowsException'{0x0000000086bae078}> (0x0000000086bae078) thrown at [./src/hotspot/share/prims/jni.cpp, line 615]
Event: 15.450 Thread 0x000001fc5bbac800 Exception <a 'sun/nio/fs/WindowsException'{0x0000000086bae2d8}> (0x0000000086bae2d8) thrown at [./src/hotspot/share/prims/jni.cpp, line 615]
Event: 20.470 Thread 0x000001fc5c3f7800 Exception <a 'sun/nio/fs/WindowsException'{0x00000000896a0400}> (0x00000000896a0400) thrown at [./src/hotspot/share/prims/jni.cpp, line 615]
Event: 20.598 Thread 0x000001fc5c3f7800 Exception <a 'sun/nio/fs/WindowsException'{0x00000000896a0608}> (0x00000000896a0608) thrown at [./src/hotspot/share/prims/jni.cpp, line 615]
Event: 20.947 Thread 0x000001fc64502000 Implicit null exception at 0x000001fc4ba6d4bb to 0x000001fc4ba6dcb8
Event: 21.030 Thread 0x000001fc64502000 Exception <a 'sun/nio/fs/WindowsException'{0x000000008757c108}> (0x000000008757c108) thrown at [./src/hotspot/share/prims/jni.cpp, line 615]
Event: 21.137 Thread 0x000001fc670e6000 Exception <a 'sun/nio/fs/WindowsException'{0x0000000086bf7348}> (0x0000000086bf7348) thrown at [./src/hotspot/share/prims/jni.cpp, line 615]
Event: 21.138 Thread 0x000001fc670e6000 Exception <a 'sun/nio/fs/WindowsException'{0x0000000086bf7510}> (0x0000000086bf7510) thrown at [./src/hotspot/share/prims/jni.cpp, line 615]
Event: 21.220 Thread 0x000001fc670e7000 Exception <a 'sun/nio/fs/WindowsException'{0x00000000864ce7c0}> (0x00000000864ce7c0) thrown at [./src/hotspot/share/prims/jni.cpp, line 615]
Event: 21.378 Thread 0x000001fc64502000 Exception <a 'sun/nio/fs/WindowsException'{0x000000008757c320}> (0x000000008757c320) thrown at [./src/hotspot/share/prims/jni.cpp, line 615]
Event: 21.379 Thread 0x000001fc670e7000 Exception <a 'sun/nio/fs/WindowsException'{0x00000000864ce968}> (0x00000000864ce968) thrown at [./src/hotspot/share/prims/jni.cpp, line 615]
Event: 21.457 Thread 0x000001fc5c3fc000 Exception <a 'java/lang/OutOfMemoryError'{0x0000000085169ac8}> (0x0000000085169ac8) thrown at [./src/hotspot/share/prims/jni.cpp, line 636]
Event: 21.610 Thread 0x000001fc670e4800 Exception <a 'sun/nio/fs/WindowsException'{0x0000000088a9e290}> (0x0000000088a9e290) thrown at [./src/hotspot/share/prims/jni.cpp, line 615]
Event: 21.613 Thread 0x000001fc670e4800 Exception <a 'sun/nio/fs/WindowsException'{0x0000000088a9e468}> (0x0000000088a9e468) thrown at [./src/hotspot/share/prims/jni.cpp, line 615]
Event: 21.676 Thread 0x000001fc66fa0800 Exception <a 'sun/nio/fs/WindowsException'{0x0000000087fab708}> (0x0000000087fab708) thrown at [./src/hotspot/share/prims/jni.cpp, line 615]
Event: 21.677 Thread 0x000001fc66fa0800 Exception <a 'sun/nio/fs/WindowsException'{0x0000000087fab8c8}> (0x0000000087fab8c8) thrown at [./src/hotspot/share/prims/jni.cpp, line 615]
Event: 21.847 Thread 0x000001fc66fa1800 Exception <a 'sun/nio/fs/WindowsException'{0x00000000872d9a88}> (0x00000000872d9a88) thrown at [./src/hotspot/share/prims/jni.cpp, line 615]
Event: 21.848 Thread 0x000001fc66fa1800 Exception <a 'sun/nio/fs/WindowsException'{0x00000000872d9c50}> (0x00000000872d9c50) thrown at [./src/hotspot/share/prims/jni.cpp, line 615]

Events (20 events):
Event: 20.701 Thread 0x000001fc670db800 Thread added: 0x000001fc670db800
Event: 20.836 Thread 0x000001fc670e6000 Thread added: 0x000001fc670e6000
Event: 20.975 Thread 0x000001fc670e7000 Thread added: 0x000001fc670e7000
Event: 21.035 Thread 0x000001fc670e5800 Thread added: 0x000001fc670e5800
Event: 21.036 Thread 0x000001fc670e3000 Thread added: 0x000001fc670e3000
Event: 21.068 Thread 0x000001fc670e2000 Thread added: 0x000001fc670e2000
Event: 21.070 Thread 0x000001fc670e3800 Thread added: 0x000001fc670e3800
Event: 21.390 Thread 0x000001fc670e4800 Thread added: 0x000001fc670e4800
Event: 21.396 Thread 0x000001fc66fa2000 Thread added: 0x000001fc66fa2000
Event: 21.449 Thread 0x000001fc66f9f800 Thread added: 0x000001fc66f9f800
Event: 21.452 Thread 0x000001fc66fa3800 Thread added: 0x000001fc66fa3800
Event: 21.457 loading class java/util/zip/DataFormatException
Event: 21.457 loading class java/util/zip/DataFormatException done
Event: 21.516 Executing VM operation: G1CollectForAllocation
Event: 21.520 Executing VM operation: G1CollectForAllocation done
Event: 21.578 Thread 0x000001fc66fa0800 Thread added: 0x000001fc66fa0800
Event: 21.768 Thread 0x000001fc66fa1800 Thread added: 0x000001fc66fa1800
Event: 22.044 Thread 0x000001fc66fa3000 Thread added: 0x000001fc66fa3000
Event: 22.318 Thread 0x000001fc66f9e000 Thread added: 0x000001fc66f9e000
Event: 22.379 Thread 0x000001fc66fa4800 Thread added: 0x000001fc66fa4800


Dynamic libraries:
0x00007ff64c350000 - 0x00007ff64c35a000 	C:\Program Files\Android\Android Studio\jre\bin\java.exe
0x00007fff9f850000 - 0x00007fff9fa48000 	C:\Windows\SYSTEM32\ntdll.dll
0x00007fff9f430000 - 0x00007fff9f4ed000 	C:\Windows\System32\KERNEL32.DLL
0x00007fff9d540000 - 0x00007fff9d80e000 	C:\Windows\System32\KERNELBASE.dll
0x00007fff9d020000 - 0x00007fff9d120000 	C:\Windows\System32\ucrtbase.dll
0x00007fff91080000 - 0x00007fff91099000 	C:\Program Files\Android\Android Studio\jre\bin\jli.dll
0x00007fff9e090000 - 0x00007fff9e230000 	C:\Windows\System32\USER32.dll
0x00007fff9d510000 - 0x00007fff9d532000 	C:\Windows\System32\win32u.dll
0x00007fff9f5d0000 - 0x00007fff9f5fa000 	C:\Windows\System32\GDI32.dll
0x00007fff9d210000 - 0x00007fff9d31b000 	C:\Windows\System32\gdi32full.dll
0x00007fff9d170000 - 0x00007fff9d20d000 	C:\Windows\System32\msvcp_win.dll
0x00007fff90ec0000 - 0x00007fff90ed7000 	C:\Program Files\Android\Android Studio\jre\bin\VCRUNTIME140.dll
0x00007fff8a210000 - 0x00007fff8a4aa000 	C:\Windows\WinSxS\amd64_microsoft.windows.common-controls_6595b64144ccf1df_6.0.19041.1110_none_60b5254171f9507e\COMCTL32.dll
0x00007fff9e470000 - 0x00007fff9e50e000 	C:\Windows\System32\msvcrt.dll
0x00007fff9f500000 - 0x00007fff9f530000 	C:\Windows\System32\IMM32.DLL
0x00007fff78a80000 - 0x00007fff78b1d000 	C:\Program Files\Android\Android Studio\jre\bin\msvcp140.dll
0x00007fff3d9d0000 - 0x00007fff3e48c000 	C:\Program Files\Android\Android Studio\jre\bin\server\jvm.dll
0x00007fff9f280000 - 0x00007fff9f32e000 	C:\Windows\System32\ADVAPI32.dll
0x00007fff9f530000 - 0x00007fff9f5cc000 	C:\Windows\System32\sechost.dll
0x00007fff9f150000 - 0x00007fff9f275000 	C:\Windows\System32\RPCRT4.dll
0x00007fff9f4f0000 - 0x00007fff9f4f8000 	C:\Windows\System32\PSAPI.DLL
0x00007fff8bd20000 - 0x00007fff8bd29000 	C:\Windows\SYSTEM32\WSOCK32.dll
0x00007fff89bf0000 - 0x00007fff89c17000 	C:\Windows\SYSTEM32\WINMM.dll
0x00007fff9e990000 - 0x00007fff9e9fb000 	C:\Windows\System32\WS2_32.dll
0x00007fff96320000 - 0x00007fff9632a000 	C:\Windows\SYSTEM32\VERSION.dll
0x00007fff9b7c0000 - 0x00007fff9b7d2000 	C:\Windows\SYSTEM32\kernel.appcore.dll
0x00007fff86190000 - 0x00007fff861a1000 	C:\Program Files\Android\Android Studio\jre\bin\verify.dll
0x00007fff9b5b0000 - 0x00007fff9b794000 	C:\Windows\SYSTEM32\DBGHELP.DLL
0x00007fff90630000 - 0x00007fff9065c000 	C:\Windows\SYSTEM32\dbgcore.DLL
0x00007fff9d320000 - 0x00007fff9d3a2000 	C:\Windows\System32\bcryptPrimitives.dll
0x00007fff7a3e0000 - 0x00007fff7a409000 	C:\Program Files\Android\Android Studio\jre\bin\java.dll
0x00007fff8ae30000 - 0x00007fff8ae3b000 	C:\Program Files\Android\Android Studio\jre\bin\jimage.dll
0x00007fff83540000 - 0x00007fff83558000 	C:\Program Files\Android\Android Studio\jre\bin\zip.dll
0x00007fff9ea00000 - 0x00007fff9f144000 	C:\Windows\System32\SHELL32.dll
0x00007fff9acd0000 - 0x00007fff9b464000 	C:\Windows\SYSTEM32\windows.storage.dll
0x00007fff9db90000 - 0x00007fff9dee4000 	C:\Windows\System32\combase.dll
0x00007fff9c880000 - 0x00007fff9c8b0000 	C:\Windows\SYSTEM32\Wldp.dll
0x00007fff9e360000 - 0x00007fff9e40d000 	C:\Windows\System32\SHCORE.dll
0x00007fff9db30000 - 0x00007fff9db85000 	C:\Windows\System32\shlwapi.dll
0x00007fff9ceb0000 - 0x00007fff9cecf000 	C:\Windows\SYSTEM32\profapi.dll
0x00007fff83100000 - 0x00007fff8311a000 	C:\Program Files\Android\Android Studio\jre\bin\net.dll
0x00007fff91530000 - 0x00007fff9163a000 	C:\Windows\SYSTEM32\WINHTTP.dll
0x00007fff9c600000 - 0x00007fff9c66a000 	C:\Windows\system32\mswsock.dll
0x00007fff7a680000 - 0x00007fff7a694000 	C:\Program Files\Android\Android Studio\jre\bin\nio.dll
0x00007fff8aca0000 - 0x00007fff8acc7000 	C:\Users\iyi\.gradle\native\fdc75f09e3144964f2cf3f50f0aa648679c211496f362492102eb8c894070792\windows-amd64\native-platform.dll
0x00007fff63cf0000 - 0x00007fff63e86000 	C:\Users\iyi\.gradle\native\12488b8bf47d2d4c9fbf2f6322a914ad602e24e48041cd04a747c6da556b65c4\windows-amd64\native-platform-file-events.dll
0x00007fff86640000 - 0x00007fff8664a000 	C:\Program Files\Android\Android Studio\jre\bin\management.dll
0x00007fff86140000 - 0x00007fff8614c000 	C:\Program Files\Android\Android Studio\jre\bin\management_ext.dll
0x00007fff9c8c0000 - 0x00007fff9c8d8000 	C:\Windows\SYSTEM32\CRYPTSP.dll
0x00007fff9bfa0000 - 0x00007fff9bfd4000 	C:\Windows\system32\rsaenh.dll
0x00007fff9d810000 - 0x00007fff9d837000 	C:\Windows\System32\bcrypt.dll
0x00007fff9ce70000 - 0x00007fff9ce9e000 	C:\Windows\SYSTEM32\USERENV.dll
0x00007fff9c790000 - 0x00007fff9c79c000 	C:\Windows\SYSTEM32\CRYPTBASE.dll
0x00007fff9c310000 - 0x00007fff9c34b000 	C:\Windows\SYSTEM32\IPHLPAPI.DLL
0x00007fff9f420000 - 0x00007fff9f428000 	C:\Windows\System32\NSI.dll
0x00007fff944b0000 - 0x00007fff944c7000 	C:\Windows\SYSTEM32\dhcpcsvc6.DLL
0x00007fff95050000 - 0x00007fff9506d000 	C:\Windows\SYSTEM32\dhcpcsvc.DLL
0x00007fff9c350000 - 0x00007fff9c41a000 	C:\Windows\SYSTEM32\DNSAPI.dll
0x00007fff95d30000 - 0x00007fff95d3b000 	C:\Windows\SYSTEM32\WINNSI.DLL

dbghelp: loaded successfully - version: 4.0.5 - missing functions: none
symbol engine: initialized successfully - sym options: 0x614 - pdb path: .;C:\Program Files\Android\Android Studio\jre\bin;C:\Windows\SYSTEM32;C:\Windows\WinSxS\amd64_microsoft.windows.common-controls_6595b64144ccf1df_6.0.19041.1110_none_60b5254171f9507e;C:\Program Files\Android\Android Studio\jre\bin\server;C:\Users\iyi\.gradle\native\fdc75f09e3144964f2cf3f50f0aa648679c211496f362492102eb8c894070792\windows-amd64;C:\Users\iyi\.gradle\native\12488b8bf47d2d4c9fbf2f6322a914ad602e24e48041cd04a747c6da556b65c4\windows-amd64

VM Arguments:
jvm_args: --add-opens=java.base/java.util=ALL-UNNAMED --add-opens=java.base/java.lang=ALL-UNNAMED --add-opens=java.base/java.lang.invoke=ALL-UNNAMED --add-opens=java.prefs/java.util.prefs=ALL-UNNAMED -Xmx2048m -Dfile.encoding=UTF-8 -Duser.country=US -Duser.language=en -Duser.variant 
java_command: org.gradle.launcher.daemon.bootstrap.GradleDaemon 6.7.1
java_class_path (initial): C:\Users\iyi\.gradle\wrapper\dists\gradle-6.7.1-bin\bwlcbys1h7rz3272sye1xwiv6\gradle-6.7.1\lib\gradle-launcher-6.7.1.jar
Launcher Type: SUN_STANDARD

[Global flags]
     intx CICompilerCount                          = 3                                         {product} {ergonomic}
     uint ConcGCThreads                            = 1                                         {product} {ergonomic}
     uint G1ConcRefinementThreads                  = 4                                         {product} {ergonomic}
   size_t G1HeapRegionSize                         = 1048576                                   {product} {ergonomic}
    uintx GCDrainStackTargetSize                   = 64                                        {product} {ergonomic}
   size_t InitialHeapSize                          = 134217728                                 {product} {ergonomic}
   size_t MarkStackSize                            = 4194304                                   {product} {ergonomic}
   size_t MaxHeapSize                              = 2147483648                                {product} {command line}
   size_t MaxNewSize                               = 1287651328                                {product} {ergonomic}
   size_t MinHeapDeltaBytes                        = 1048576                                   {product} {ergonomic}
    uintx NonNMethodCodeHeapSize                   = 5830732                                {pd product} {ergonomic}
    uintx NonProfiledCodeHeapSize                  = 122913754                              {pd product} {ergonomic}
    uintx ProfiledCodeHeapSize                     = 122913754                              {pd product} {ergonomic}
    uintx ReservedCodeCacheSize                    = 251658240                              {pd product} {ergonomic}
     bool SegmentedCodeCache                       = true                                      {product} {ergonomic}
     bool UseCompressedClassPointers               = true                                 {lp64_product} {ergonomic}
     bool UseCompressedOops                        = true                                 {lp64_product} {ergonomic}
     bool UseG1GC                                  = true                                      {product} {ergonomic}
     bool UseLargePagesIndividualAllocation        = false                                  {pd product} {ergonomic}

Logging:
Log output configuration:
 #0: stdout all=warning uptime,level,tags
 #1: stderr all=off uptime,level,tags

Environment Variables:
PATH=C:\Program Files (x86)\Microsoft SDKs\Azure\CLI2\wbin;C:\ProgramData\Oracle\Java\javapath;C:\Windows\system32;C:\Windows;C:\Windows\System32\Wbem;C:\Windows\System32\WindowsPowerShell\v1.0\;C:\Windows\System32\OpenSSH\;C:\Program Files (x86)\NVIDIA Corporation\PhysX\Common;C:\Program Files\NVIDIA Corporation\NVIDIA NvDLISR;C:\Program Files\PuTTY\;C:\Program Files\nodejs\;C:\Terraform;C:\Users\iyi\.amplify\bin;C:\Users\iyi\AppData\Local\Microsoft\WindowsApps;C:\Users\iyi\AppData\Roaming\npm;C:\Users\iyi\AppData\Local\Programs\Microsoft VS Code\bin;C:\adb;C:\Program Files\Git\cmd;C:\Program Files\Go\bin;C:\Program Files\Docker\Docker\resources\bin;C:\ProgramData\DockerDesktop\version-bin;C:\Users\iyi\.amplify\bin;C:\Users\iyi\AppData\Local\Programs\Python\Python310\Scripts\;C:\Users\iyi\AppData\Local\Programs\Python\Python310\;C:\Users\iyi\.amplify\bin;C:\Users\iyi\AppData\Local\Microsoft\WindowsApps;C:\Users\iyi\AppData\Roaming\npm;C:\Users\iyi\go\bin;C:\Users\iyi\AppData\Local\Programs\Microsoft VS Code\bin
USERNAME=iyi
OS=Windows_NT
PROCESSOR_IDENTIFIER=Intel64 Family 6 Model 78 Stepping 3, GenuineIntel



---------------  S Y S T E M  ---------------

OS: Windows 10 , 64 bit Build 19041 (10.0.19041.1889)
OS uptime: 0 days 6:00 hours
HyperV virtualization detected

CPU:total 4 (initial active 4) (2 cores per cpu, 2 threads per core) family 6 model 78 stepping 3, cmov, cx8, fxsr, mmx, sse, sse2, sse3, ssse3, sse4.1, sse4.2, popcnt, avx, avx2, aes, clmul, erms, 3dnowpref, lzcnt, ht, tsc, tscinvbit, bmi1, bmi2, adx, fma

Memory: 4k page, system-wide physical 8097M (892M free)
TotalPageFile size 8097M (AvailPageFile size 5M)
current process WorkingSet (physical memory assigned to process): 348M, peak: 370M
current process commit charge ("private bytes"): 404M, peak: 427M

vm_info: OpenJDK 64-Bit Server VM (11.0.8+10-b944.6842174) for windows-amd64 JRE (11.0.8+10-b944.6842174), built on Sep 19 2020 01:11:42 by "builder" with MS VC++ 14.0 (VS2015)

END.
